000 (14999991.000.000) 04/25 05:47:52 Job submitted from host: <188.184.90.62:9618?addrs=188.184.90.62-9618+[2001-1458-201-e4--100-238]-9618&alias=bigbird16.cern.ch&noUDP&sock=schedd_5196_9a2f>
...
040 (14999991.000.000) 04/25 05:48:35 Started transferring input files
	Transferring to host: <188.184.195.125:9618?addrs=188.184.195.125-9618+[2001-1458-301-72--100-46]-9618&alias=b9g47n4484.cern.ch&noUDP&sock=slot1_1_6086_e331_25724>
...
040 (14999991.000.000) 04/25 05:48:35 Finished transferring input files
...
001 (14999991.000.000) 04/25 05:48:36 Job executing on host: <188.184.195.125:9618?addrs=188.184.195.125-9618+[2001-1458-301-72--100-46]-9618&alias=b9g47n4484.cern.ch&noUDP&sock=startd_5042_f89a>
	SlotName: slot1_1@b9g47n4484.cern.ch
	AvailableGPUs = { GPUs_GPU_af018eac }
	CondorScratchDir = "/pool/condor/dir_3238105"
	Cpus = 4
	Disk = 2067
	GPUs = 1
	GPUs_GPU_af018eac = [ Id = "GPU-af018eac"; ClockMhz = 1590.0; Capability = 7.5; CoresPerCU = 64; DeviceName = "Tesla T4"; DeviceUuid = "af018eac-0217-6a0c-1f02-a7671647c0bf"; ECCEnabled = true; ComputeUnits = 40; DriverVersion = 13.0; DevicePciBusId = "0000:07:00.0"; GlobalMemoryMb = 14913; MaxSupportedVersion = 13000 ]
	Memory = 12000
...
006 (14999991.000.000) 04/25 05:48:43 Image size of job updated: 40
	0  -  MemoryUsage of job (MB)
	0  -  ResidentSetSize of job (KB)
...
040 (14999991.000.000) 04/25 05:48:43 Started transferring output files
...
040 (14999991.000.000) 04/25 05:48:43 Finished transferring output files
...
005 (14999991.000.000) 04/25 05:48:43 Job terminated.
	(1) Normal termination (return value 1)
		Usr 0 00:00:00, Sys 0 00:00:00  -  Run Remote Usage
		Usr 0 00:00:00, Sys 0 00:00:00  -  Run Local Usage
		Usr 0 00:00:00, Sys 0 00:00:00  -  Total Remote Usage
		Usr 0 00:00:00, Sys 0 00:00:00  -  Total Local Usage
	267  -  Run Bytes Sent By Job
	9430  -  Run Bytes Received By Job
	267  -  Total Bytes Sent By Job
	9430  -  Total Bytes Received By Job
	Partitionable Resources :    Usage  Request Allocated Assigned
	   Cpus                 :                 4         4 
	   Disk (KB)            :       45       12      2067 
	   GPUs                 :                 1         1 "GPU-af018eac"
	   Memory (MB)          :        0    12000     12000 
	   TimeExecute (s)      :        7                    
	   TimeSlotBusy (s)     :        9                    

	Job terminated of its own accord at 2026-04-25T03:48:43Z with exit-code 1.
...
