000 (15000002.000.000) 04/25 06:02:42 Job submitted from host: <188.184.90.62:9618?addrs=188.184.90.62-9618+[2001-1458-201-e4--100-238]-9618&alias=bigbird16.cern.ch&noUDP&sock=schedd_5196_9a2f>
...
040 (15000002.000.000) 04/25 06:03:34 Started transferring input files
	Transferring to host: <188.185.238.10:9618?addrs=188.185.238.10-9618+[2001-1458-303-28--100-6]-9618&alias=b9pgpun002.cern.ch&noUDP&sock=slot1_3_1939520_0c0f_111933>
...
040 (15000002.000.000) 04/25 06:03:34 Finished transferring input files
...
001 (15000002.000.000) 04/25 06:03:35 Job executing on host: <188.185.238.10:9618?addrs=188.185.238.10-9618+[2001-1458-303-28--100-6]-9618&alias=b9pgpun002.cern.ch&noUDP&sock=startd_1939478_2ae8>
	SlotName: slot1_3@b9pgpun002.cern.ch
	AvailableGPUs = { GPUs_GPU_9da60805 }
	CondorScratchDir = "/pool/condor/dir_1135749"
	Cpus = 4
	Disk = 7049
	GPUs = 1
	GPUs_GPU_9da60805 = [ Id = "GPU-9da60805"; ClockMhz = 1785.0; Capability = 9.0; CoresPerCU = 128; DeviceName = "NVIDIA H100 NVL"; DeviceUuid = "9da60805-d028-0dcf-913d-840a8f174736"; ECCEnabled = true; ComputeUnits = 132; DriverVersion = 13.0; DevicePciBusId = "0000:AD:00.0"; GlobalMemoryMb = 95320; MaxSupportedVersion = 13000 ]
	Memory = 12000
...
006 (15000002.000.000) 04/25 06:03:49 Image size of job updated: 1869132
	1826  -  MemoryUsage of job (MB)
	1869132  -  ResidentSetSize of job (KB)
...
006 (15000002.000.000) 04/25 06:08:50 Image size of job updated: 1916164
	1826  -  MemoryUsage of job (MB)
	1869132  -  ResidentSetSize of job (KB)
...
040 (15000002.000.000) 04/25 06:09:04 Started transferring output files
...
040 (15000002.000.000) 04/25 06:09:04 Finished transferring output files
...
005 (15000002.000.000) 04/25 06:09:04 Job terminated.
	(1) Normal termination (return value 0)
		Usr 0 00:17:28, Sys 0 00:00:36  -  Run Remote Usage
		Usr 0 00:00:00, Sys 0 00:00:00  -  Run Local Usage
		Usr 0 00:17:28, Sys 0 00:00:36  -  Total Remote Usage
		Usr 0 00:00:00, Sys 0 00:00:00  -  Total Local Usage
	9544  -  Run Bytes Sent By Job
	9706  -  Run Bytes Received By Job
	9544  -  Total Bytes Sent By Job
	9706  -  Total Bytes Received By Job
	Partitionable Resources :    Usage  Request Allocated Assigned
	   Cpus                 :        0        4         4 
	   Disk (KB)            :       68       12      7049 
	   GPUs                 :                 1         1 "GPU-9da60805"
	   Memory (MB)          :     1826    12000     12000 
	   TimeExecute (s)      :      329                    
	   TimeSlotBusy (s)     :      330                    

	Job terminated of its own accord at 2026-04-25T04:09:04Z with exit-code 0.
...
