000 (15000015.000.000) 04/25 07:05:41 Job submitted from host: <188.184.90.62:9618?addrs=188.184.90.62-9618+[2001-1458-201-e4--100-238]-9618&alias=bigbird16.cern.ch&noUDP&sock=schedd_5196_9a2f>
...
040 (15000015.000.000) 04/25 07:05:45 Started transferring input files
	Transferring to host: <188.185.238.10:9618?addrs=188.185.238.10-9618+[2001-1458-303-28--100-6]-9618&alias=b9pgpun002.cern.ch&noUDP&sock=slot1_2_1939520_0c0f_111964>
...
040 (15000015.000.000) 04/25 07:05:45 Finished transferring input files
...
001 (15000015.000.000) 04/25 07:05:47 Job executing on host: <188.185.238.10:9618?addrs=188.185.238.10-9618+[2001-1458-303-28--100-6]-9618&alias=b9pgpun002.cern.ch&noUDP&sock=startd_1939478_2ae8>
	SlotName: slot1_2@b9pgpun002.cern.ch
	AvailableGPUs = { GPUs_GPU_195dba93 }
	CondorScratchDir = "/pool/condor/dir_1144709"
	Cpus = 4
	Disk = 7049
	GPUs = 1
	GPUs_GPU_195dba93 = [ Id = "GPU-195dba93"; ClockMhz = 1785.0; Capability = 9.0; CoresPerCU = 128; DeviceName = "NVIDIA H100 NVL"; DeviceUuid = "195dba93-e951-b119-dea3-1f3b18bdda48"; ECCEnabled = true; ComputeUnits = 132; DriverVersion = 13.0; DevicePciBusId = "0000:3B:00.0"; GlobalMemoryMb = 95320; MaxSupportedVersion = 13000 ]
	Memory = 12000
...
006 (15000015.000.000) 04/25 07:06:01 Image size of job updated: 2151008
	2101  -  MemoryUsage of job (MB)
	2151008  -  ResidentSetSize of job (KB)
...
006 (15000015.000.000) 04/25 07:11:02 Image size of job updated: 2203324
	2102  -  MemoryUsage of job (MB)
	2152176  -  ResidentSetSize of job (KB)
...
040 (15000015.000.000) 04/25 07:11:37 Started transferring output files
...
040 (15000015.000.000) 04/25 07:11:37 Finished transferring output files
...
005 (15000015.000.000) 04/25 07:11:37 Job terminated.
	(1) Normal termination (return value 0)
		Usr 0 00:17:12, Sys 0 00:00:35  -  Run Remote Usage
		Usr 0 00:00:00, Sys 0 00:00:00  -  Run Local Usage
		Usr 0 00:17:12, Sys 0 00:00:35  -  Total Remote Usage
		Usr 0 00:00:00, Sys 0 00:00:00  -  Total Local Usage
	9385  -  Run Bytes Sent By Job
	9678  -  Run Bytes Received By Job
	9385  -  Total Bytes Sent By Job
	9678  -  Total Bytes Received By Job
	Partitionable Resources :    Usage  Request Allocated Assigned
	   Cpus                 :     3.59        4         4 
	   Disk (KB)            :    68          12      7049 
	   GPUs                 :     0.52        1         1 "GPU-195dba93"
	   GpusMemory (MB)      :  5602                       
	   Memory (MB)          :  2102       12000     12000 
	   TimeExecute (s)      :   351                       
	   TimeSlotBusy (s)     :   352                       

	Job terminated of its own accord at 2026-04-25T05:11:37Z with exit-code 0.
...
