000 (15000012.000.000) 04/25 07:05:07 Job submitted from host: <188.184.90.62:9618?addrs=188.184.90.62-9618+[2001-1458-201-e4--100-238]-9618&alias=bigbird16.cern.ch&noUDP&sock=schedd_5196_9a2f>
...
040 (15000012.000.000) 04/25 07:05:44 Started transferring input files
	Transferring to host: <188.185.190.109:9618?addrs=188.185.190.109-9618+[2001-1458-d03-b--100-300]-9618&alias=b9pgpun014.cern.ch&noUDP&sock=slot1_2_10260_d91a_42317>
...
040 (15000012.000.000) 04/25 07:05:44 Finished transferring input files
...
001 (15000012.000.000) 04/25 07:05:45 Job executing on host: <188.185.190.109:9618?addrs=188.185.190.109-9618+[2001-1458-d03-b--100-300]-9618&alias=b9pgpun014.cern.ch&noUDP&sock=startd_9152_16d8>
	SlotName: slot1_2@b9pgpun014.cern.ch
	AvailableGPUs = { GPUs_GPU_45f32e65 }
	CondorScratchDir = "/pool/condor/dir_2320773"
	Cpus = 4
	Disk = 6644
	GPUs = 1
	GPUs_GPU_45f32e65 = [ Id = "GPU-45f32e65"; ClockMhz = 1785.0; Capability = 9.0; CoresPerCU = 128; DeviceName = "NVIDIA H100 NVL"; DeviceUuid = "45f32e65-fddf-18a1-63a5-d7c14d13255c"; ECCEnabled = true; ComputeUnits = 132; DriverVersion = 13.0; DevicePciBusId = "0000:3B:00.0"; GlobalMemoryMb = 95320; MaxSupportedVersion = 13000 ]
	Memory = 12000
...
006 (15000012.000.000) 04/25 07:05:59 Image size of job updated: 2133892
	2084  -  MemoryUsage of job (MB)
	2133892  -  ResidentSetSize of job (KB)
...
006 (15000012.000.000) 04/25 07:11:00 Image size of job updated: 2184896
	2115  -  MemoryUsage of job (MB)
	2165220  -  ResidentSetSize of job (KB)
...
006 (15000012.000.000) 04/25 07:12:51 Image size of job updated: 2189108
	2115  -  MemoryUsage of job (MB)
	2165292  -  ResidentSetSize of job (KB)
...
040 (15000012.000.000) 04/25 07:12:51 Started transferring output files
...
040 (15000012.000.000) 04/25 07:12:51 Finished transferring output files
...
005 (15000012.000.000) 04/25 07:12:51 Job terminated.
	(1) Normal termination (return value 0)
		Usr 0 00:22:04, Sys 0 00:00:37  -  Run Remote Usage
		Usr 0 00:00:00, Sys 0 00:00:00  -  Run Local Usage
		Usr 0 00:22:04, Sys 0 00:00:37  -  Total Remote Usage
		Usr 0 00:00:00, Sys 0 00:00:00  -  Total Local Usage
	11590  -  Run Bytes Sent By Job
	9678  -  Run Bytes Received By Job
	11590  -  Total Bytes Sent By Job
	9678  -  Total Bytes Received By Job
	Partitionable Resources :    Usage  Request Allocated Assigned
	   Cpus                 :        0        4         4 
	   Disk (KB)            :       70       12      6644 
	   GPUs                 :                 1         1 "GPU-45f32e65"
	   Memory (MB)          :     2115    12000     12000 
	   TimeExecute (s)      :      426                    
	   TimeSlotBusy (s)     :      427                    

	Job terminated of its own accord at 2026-04-25T05:12:51Z with exit-code 0.
...
