000 (15000000.000.000) 04/25 06:02:14 Job submitted from host: <188.184.90.62:9618?addrs=188.184.90.62-9618+[2001-1458-201-e4--100-238]-9618&alias=bigbird16.cern.ch&noUDP&sock=schedd_5196_9a2f>
...
040 (15000000.000.000) 04/25 06:02:37 Started transferring input files
	Transferring to host: <188.185.190.109:9618?addrs=188.185.190.109-9618+[2001-1458-d03-b--100-300]-9618&alias=b9pgpun014.cern.ch&noUDP&sock=slot1_4_10260_d91a_42283>
...
040 (15000000.000.000) 04/25 06:02:37 Finished transferring input files
...
001 (15000000.000.000) 04/25 06:02:39 Job executing on host: <188.185.190.109:9618?addrs=188.185.190.109-9618+[2001-1458-d03-b--100-300]-9618&alias=b9pgpun014.cern.ch&noUDP&sock=startd_9152_16d8>
	SlotName: slot1_4@b9pgpun014.cern.ch
	AvailableGPUs = { GPUs_GPU_5b10c343 }
	CondorScratchDir = "/pool/condor/dir_2312731"
	Cpus = 4
	Disk = 6645
	GPUs = 1
	GPUs_GPU_5b10c343 = [ Id = "GPU-5b10c343"; ClockMhz = 1785.0; Capability = 9.0; CoresPerCU = 128; DeviceName = "NVIDIA H100 NVL"; DeviceUuid = "5b10c343-d8c6-ecec-0fd5-9cb86aac472a"; ECCEnabled = true; ComputeUnits = 132; DriverVersion = 13.0; DevicePciBusId = "0000:AE:00.0"; GlobalMemoryMb = 95320; MaxSupportedVersion = 13000 ]
	Memory = 12000
...
006 (15000000.000.000) 04/25 06:02:52 Image size of job updated: 1901328
	1857  -  MemoryUsage of job (MB)
	1901328  -  ResidentSetSize of job (KB)
...
006 (15000000.000.000) 04/25 06:07:52 Image size of job updated: 1915660
	1857  -  MemoryUsage of job (MB)
	1901328  -  ResidentSetSize of job (KB)
...
040 (15000000.000.000) 04/25 06:09:08 Started transferring output files
...
040 (15000000.000.000) 04/25 06:09:08 Finished transferring output files
...
005 (15000000.000.000) 04/25 06:09:08 Job terminated.
	(1) Normal termination (return value 0)
		Usr 0 00:19:01, Sys 0 00:00:38  -  Run Remote Usage
		Usr 0 00:00:00, Sys 0 00:00:00  -  Run Local Usage
		Usr 0 00:19:01, Sys 0 00:00:38  -  Total Remote Usage
		Usr 0 00:00:00, Sys 0 00:00:00  -  Total Local Usage
	9446  -  Run Bytes Sent By Job
	9706  -  Run Bytes Received By Job
	9446  -  Total Bytes Sent By Job
	9706  -  Total Bytes Received By Job
	Partitionable Resources :    Usage  Request Allocated Assigned
	   Cpus                 :        0        4         4 
	   Disk (KB)            :       68       12      6645 
	   GPUs                 :                 1         1 "GPU-5b10c343"
	   Memory (MB)          :     1857    12000     12000 
	   TimeExecute (s)      :      390                    
	   TimeSlotBusy (s)     :      391                    

	Job terminated of its own accord at 2026-04-25T04:09:08Z with exit-code 0.
...
