000 (15001273.000.000) 04/25 18:42:49 Job submitted from host: <188.184.90.62:9618?addrs=188.184.90.62-9618+[2001-1458-201-e4--100-238]-9618&alias=bigbird16.cern.ch&noUDP&sock=schedd_5196_9a2f>
...
040 (15001273.000.000) 04/25 18:43:21 Started transferring input files
	Transferring to host: <188.184.195.60:9618?addrs=188.184.195.60-9618+[2001-1458-301-72--100-40b]-9618&alias=b9g47n8368.cern.ch&noUDP&sock=slot1_1_17911_ab71_116480>
...
040 (15001273.000.000) 04/25 18:43:21 Finished transferring input files
...
001 (15001273.000.000) 04/25 18:43:22 Job executing on host: <188.184.195.60:9618?addrs=188.184.195.60-9618+[2001-1458-301-72--100-40b]-9618&alias=b9g47n8368.cern.ch&noUDP&sock=startd_17076_4b4d>
	SlotName: slot1_1@b9g47n8368.cern.ch
	AvailableGPUs = { GPUs_GPU_0d3184cb }
	CondorScratchDir = "/pool/condor/dir_3503480"
	Cpus = 4
	Disk = 2050
	GPUs = 1
	GPUs_GPU_0d3184cb = [ Id = "GPU-0d3184cb"; ClockMhz = 1590.0; Capability = 7.5; CoresPerCU = 64; DeviceName = "Tesla T4"; DeviceUuid = "0d3184cb-044b-6a85-e661-54a626111c00"; ECCEnabled = true; ComputeUnits = 40; DriverVersion = 13.0; DevicePciBusId = "0000:07:00.0"; GlobalMemoryMb = 14913; MaxSupportedVersion = 13000 ]
	Memory = 12000
...
006 (15001273.000.000) 04/25 18:43:35 Image size of job updated: 245088
	240  -  MemoryUsage of job (MB)
	245088  -  ResidentSetSize of job (KB)
...
006 (15001273.000.000) 04/25 18:48:35 Image size of job updated: 2062464
	1976  -  MemoryUsage of job (MB)
	2023336  -  ResidentSetSize of job (KB)
...
006 (15001273.000.000) 04/25 18:53:36 Image size of job updated: 2062464
	1993  -  MemoryUsage of job (MB)
	2040480  -  ResidentSetSize of job (KB)
...
006 (15001273.000.000) 04/25 18:58:37 Image size of job updated: 2065432
	2016  -  MemoryUsage of job (MB)
	2064372  -  ResidentSetSize of job (KB)
...
006 (15001273.000.000) 04/25 19:03:37 Image size of job updated: 2065652
	2016  -  MemoryUsage of job (MB)
	2064372  -  ResidentSetSize of job (KB)
...
006 (15001273.000.000) 04/25 19:08:37 Image size of job updated: 2066052
	2016  -  MemoryUsage of job (MB)
	2064372  -  ResidentSetSize of job (KB)
...
006 (15001273.000.000) 04/25 19:13:38 Image size of job updated: 2067264
	2016  -  MemoryUsage of job (MB)
	2064372  -  ResidentSetSize of job (KB)
...
040 (15001273.000.000) 04/25 19:13:55 Started transferring output files
...
040 (15001273.000.000) 04/25 19:13:55 Finished transferring output files
...
005 (15001273.000.000) 04/25 19:13:55 Job terminated.
	(1) Normal termination (return value 0)
		Usr 0 00:59:38, Sys 0 00:01:57  -  Run Remote Usage
		Usr 0 00:00:00, Sys 0 00:00:00  -  Run Local Usage
		Usr 0 00:59:38, Sys 0 00:01:57  -  Total Remote Usage
		Usr 0 00:00:00, Sys 0 00:00:00  -  Total Local Usage
	15511  -  Run Bytes Sent By Job
	9294  -  Run Bytes Received By Job
	15511  -  Total Bytes Sent By Job
	9294  -  Total Bytes Received By Job
	Partitionable Resources :    Usage  Request Allocated Assigned
	   Cpus                 :     2.10        4         4 
	   Disk (KB)            :    53          12      2050 
	   GPUs                 :     0.88        1         1 "GPU-0d3184cb"
	   GpusMemory (MB)      :  3557                       
	   Memory (MB)          :  2016       12000     12000 
	   TimeExecute (s)      :  1833                       
	   TimeSlotBusy (s)     :  1835                       

	Job terminated of its own accord at 2026-04-25T17:13:55Z with exit-code 0.
...
