000 (15000007.000.000) 04/25 06:05:40 Job submitted from host: <188.184.90.62:9618?addrs=188.184.90.62-9618+[2001-1458-201-e4--100-238]-9618&alias=bigbird16.cern.ch&noUDP&sock=schedd_5196_9a2f>
...
040 (15000007.000.000) 04/25 06:07:28 Started transferring input files
	Transferring to host: <188.185.190.108:9618?addrs=188.185.190.108-9618+[2001-1458-d03-b--100-2ff]-9618&alias=b9pgpun015.cern.ch&noUDP&sock=slot1_1_1615979_24ca_112702>
...
040 (15000007.000.000) 04/25 06:07:28 Finished transferring input files
...
001 (15000007.000.000) 04/25 06:07:29 Job executing on host: <188.185.190.108:9618?addrs=188.185.190.108-9618+[2001-1458-d03-b--100-2ff]-9618&alias=b9pgpun015.cern.ch&noUDP&sock=startd_16497_25f7>
	SlotName: slot1_1@b9pgpun015.cern.ch
	AvailableGPUs = { GPUs_GPU_b24b403a }
	CondorScratchDir = "/pool/condor/dir_1480930"
	Cpus = 4
	Disk = 6950
	GPUs = 1
	GPUs_GPU_b24b403a = [ Id = "GPU-b24b403a"; ClockMhz = 1785.0; Capability = 9.0; CoresPerCU = 128; DeviceName = "NVIDIA H100 NVL"; DeviceUuid = "b24b403a-c8dc-04db-3428-2ea4c127b0ed"; ECCEnabled = true; ComputeUnits = 132; DriverVersion = 13.0; DevicePciBusId = "0000:3A:00.0"; GlobalMemoryMb = 95320; MaxSupportedVersion = 13000 ]
	Memory = 12000
...
006 (15000007.000.000) 04/25 06:07:42 Image size of job updated: 1900788
	1857  -  MemoryUsage of job (MB)
	1900788  -  ResidentSetSize of job (KB)
...
006 (15000007.000.000) 04/25 06:12:42 Image size of job updated: 1917348
	1857  -  MemoryUsage of job (MB)
	1900788  -  ResidentSetSize of job (KB)
...
040 (15000007.000.000) 04/25 06:17:32 Started transferring output files
...
040 (15000007.000.000) 04/25 06:17:32 Finished transferring output files
...
005 (15000007.000.000) 04/25 06:17:32 Job terminated.
	(1) Normal termination (return value 1)
		Usr 0 00:34:38, Sys 0 00:01:14  -  Run Remote Usage
		Usr 0 00:00:00, Sys 0 00:00:00  -  Run Local Usage
		Usr 0 00:34:38, Sys 0 00:01:14  -  Total Remote Usage
		Usr 0 00:00:00, Sys 0 00:00:00  -  Total Local Usage
	20222  -  Run Bytes Sent By Job
	9706  -  Run Bytes Received By Job
	20222  -  Total Bytes Sent By Job
	9706  -  Total Bytes Received By Job
	Partitionable Resources :    Usage  Request Allocated Assigned
	   Cpus                 :     3.76        4         4 
	   Disk (KB)            :    80          12      6950 
	   GPUs                 :     0.43        1         1 "GPU-b24b403a"
	   GpusMemory (MB)      :  2084                       
	   Memory (MB)          :  1857       12000     12000 
	   TimeExecute (s)      :   603                       
	   TimeSlotBusy (s)     :   604                       

	Job terminated of its own accord at 2026-04-25T04:17:32Z with exit-code 1.
...
