000 (14999995.000.000) 04/25 06:00:37 Job submitted from host: <188.184.90.62:9618?addrs=188.184.90.62-9618+[2001-1458-201-e4--100-238]-9618&alias=bigbird16.cern.ch&noUDP&sock=schedd_5196_9a2f>
...
040 (14999995.000.000) 04/25 06:01:59 Started transferring input files
	Transferring to host: <188.185.238.11:9618?addrs=188.185.238.11-9618+[2001-1458-303-28--100-7]-9618&alias=b9pgpun003.cern.ch&noUDP&sock=slot1_2_2204080_8015_43238>
...
040 (14999995.000.000) 04/25 06:01:59 Finished transferring input files
...
001 (14999995.000.000) 04/25 06:02:00 Job executing on host: <188.185.238.11:9618?addrs=188.185.238.11-9618+[2001-1458-303-28--100-7]-9618&alias=b9pgpun003.cern.ch&noUDP&sock=startd_2204038_528c>
	SlotName: slot1_2@b9pgpun003.cern.ch
	AvailableGPUs = { GPUs_GPU_b0236122 }
	CondorScratchDir = "/pool/condor/dir_2724166"
	Cpus = 4
	Disk = 7058
	GPUs = 1
	GPUs_GPU_b0236122 = [ Id = "GPU-b0236122"; ClockMhz = 1785.0; Capability = 9.0; CoresPerCU = 128; DeviceName = "NVIDIA H100 NVL"; DeviceUuid = "b0236122-3dad-e41f-0e67-9f9775407a9b"; ECCEnabled = true; ComputeUnits = 132; DriverVersion = 13.0; DevicePciBusId = "0000:AD:00.0"; GlobalMemoryMb = 95320; MaxSupportedVersion = 13000 ]
	Memory = 12000
...
006 (14999995.000.000) 04/25 06:02:14 Image size of job updated: 1863332
	1820  -  MemoryUsage of job (MB)
	1863332  -  ResidentSetSize of job (KB)
...
006 (14999995.000.000) 04/25 06:06:26 Image size of job updated: 1919604
	1820  -  MemoryUsage of job (MB)
	1863332  -  ResidentSetSize of job (KB)
...
040 (14999995.000.000) 04/25 06:06:26 Started transferring output files
...
040 (14999995.000.000) 04/25 06:06:26 Finished transferring output files
...
005 (14999995.000.000) 04/25 06:06:26 Job terminated.
	(1) Normal termination (return value 0)
		Usr 0 00:13:05, Sys 0 00:00:29  -  Run Remote Usage
		Usr 0 00:00:00, Sys 0 00:00:00  -  Run Local Usage
		Usr 0 00:13:05, Sys 0 00:00:29  -  Total Remote Usage
		Usr 0 00:00:00, Sys 0 00:00:00  -  Total Local Usage
	6650  -  Run Bytes Sent By Job
	9706  -  Run Bytes Received By Job
	6650  -  Total Bytes Sent By Job
	9706  -  Total Bytes Received By Job
	Partitionable Resources :    Usage  Request Allocated Assigned
	   Cpus                 :                 4         4 
	   Disk (KB)            :       56       12      7058 
	   GPUs                 :                 1         1 "GPU-b0236122"
	   Memory (MB)          :     1820    12000     12000 
	   TimeExecute (s)      :      266                    
	   TimeSlotBusy (s)     :      268                    

	Job terminated of its own accord at 2026-04-25T04:06:26Z with exit-code 0.
...
