000 (14999988.000.000) 04/25 05:36:15 Job submitted from host: <188.184.90.62:9618?addrs=188.184.90.62-9618+[2001-1458-201-e4--100-238]-9618&alias=bigbird16.cern.ch&noUDP&sock=schedd_5196_9a2f>
...
040 (14999988.000.000) 04/25 05:38:33 Started transferring input files
	Transferring to host: <188.184.195.226:9618?addrs=188.184.195.226-9618+[2001-1458-301-72--100-208]-9618&alias=b9g47n4984.cern.ch&noUDP&sock=slot1_1_258043_6316_107102>
...
040 (14999988.000.000) 04/25 05:38:33 Finished transferring input files
...
001 (14999988.000.000) 04/25 05:38:34 Job executing on host: <188.184.195.226:9618?addrs=188.184.195.226-9618+[2001-1458-301-72--100-208]-9618&alias=b9g47n4984.cern.ch&noUDP&sock=startd_5603_c53b>
	SlotName: slot1_1@b9g47n4984.cern.ch
	AvailableGPUs = { GPUs_GPU_8ce30a61 }
	CondorScratchDir = "/pool/condor/dir_472398"
	Cpus = 4
	Disk = 2057
	GPUs = 1
	GPUs_GPU_8ce30a61 = [ Id = "GPU-8ce30a61"; ClockMhz = 1590.0; Capability = 7.5; CoresPerCU = 64; DeviceName = "Tesla T4"; DeviceUuid = "8ce30a61-1c4d-d3ee-3956-d018ef656c0a"; ECCEnabled = true; ComputeUnits = 40; DriverVersion = 13.0; DevicePciBusId = "0000:07:00.0"; GlobalMemoryMb = 14913; MaxSupportedVersion = 13000 ]
	Memory = 12000
...
006 (14999988.000.000) 04/25 05:38:48 Image size of job updated: 1496
	2  -  MemoryUsage of job (MB)
	1496  -  ResidentSetSize of job (KB)
...
040 (14999988.000.000) 04/25 05:39:06 Started transferring output files
...
040 (14999988.000.000) 04/25 05:39:06 Finished transferring output files
...
005 (14999988.000.000) 04/25 05:39:06 Job terminated.
	(1) Normal termination (return value 1)
		Usr 0 00:00:00, Sys 0 00:00:00  -  Run Remote Usage
		Usr 0 00:00:00, Sys 0 00:00:00  -  Run Local Usage
		Usr 0 00:00:00, Sys 0 00:00:00  -  Total Remote Usage
		Usr 0 00:00:00, Sys 0 00:00:00  -  Total Local Usage
	271  -  Run Bytes Sent By Job
	9423  -  Run Bytes Received By Job
	271  -  Total Bytes Sent By Job
	9423  -  Total Bytes Received By Job
	Partitionable Resources :    Usage  Request Allocated Assigned
	   Cpus                 :        0        4         4 
	   Disk (KB)            :       54       12      2057 
	   GPUs                 :                 1         1 "GPU-8ce30a61"
	   Memory (MB)          :        2    12000     12000 
	   TimeExecute (s)      :       32                    
	   TimeSlotBusy (s)     :       34                    

	Job terminated of its own accord at 2026-04-25T03:39:06Z with exit-code 1.
...
