000 (15000003.000.000) 04/25 06:03:05 Job submitted from host: <188.184.90.62:9618?addrs=188.184.90.62-9618+[2001-1458-201-e4--100-238]-9618&alias=bigbird16.cern.ch&noUDP&sock=schedd_5196_9a2f>
...
040 (15000003.000.000) 04/25 06:03:35 Started transferring input files
	Transferring to host: <188.185.190.108:9618?addrs=188.185.190.108-9618+[2001-1458-d03-b--100-2ff]-9618&alias=b9pgpun015.cern.ch&noUDP&sock=slot1_2_1615979_24ca_112700>
...
040 (15000003.000.000) 04/25 06:03:35 Finished transferring input files
...
001 (15000003.000.000) 04/25 06:03:36 Job executing on host: <188.185.190.108:9618?addrs=188.185.190.108-9618+[2001-1458-d03-b--100-2ff]-9618&alias=b9pgpun015.cern.ch&noUDP&sock=startd_16497_25f7>
	SlotName: slot1_2@b9pgpun015.cern.ch
	AvailableGPUs = { GPUs_GPU_8419873c }
	CondorScratchDir = "/pool/condor/dir_1480139"
	Cpus = 4
	Disk = 6950
	GPUs = 1
	GPUs_GPU_8419873c = [ Id = "GPU-8419873c"; ClockMhz = 1785.0; Capability = 9.0; CoresPerCU = 128; DeviceName = "NVIDIA H100 NVL"; DeviceUuid = "8419873c-22dc-83cd-5a57-5735ab9510a1"; ECCEnabled = true; ComputeUnits = 132; DriverVersion = 13.0; DevicePciBusId = "0000:3B:00.0"; GlobalMemoryMb = 95320; MaxSupportedVersion = 13000 ]
	Memory = 12000
...
006 (15000003.000.000) 04/25 06:03:49 Image size of job updated: 1909240
	1865  -  MemoryUsage of job (MB)
	1909240  -  ResidentSetSize of job (KB)
...
006 (15000003.000.000) 04/25 06:08:49 Image size of job updated: 1928580
	1879  -  MemoryUsage of job (MB)
	1923188  -  ResidentSetSize of job (KB)
...
006 (15000003.000.000) 04/25 06:09:32 Image size of job updated: 1928580
	1879  -  MemoryUsage of job (MB)
	1923220  -  ResidentSetSize of job (KB)
...
040 (15000003.000.000) 04/25 06:09:32 Started transferring output files
...
040 (15000003.000.000) 04/25 06:09:32 Finished transferring output files
...
005 (15000003.000.000) 04/25 06:09:32 Job terminated.
	(1) Normal termination (return value 0)
		Usr 0 00:18:57, Sys 0 00:00:46  -  Run Remote Usage
		Usr 0 00:00:00, Sys 0 00:00:00  -  Run Local Usage
		Usr 0 00:18:57, Sys 0 00:00:46  -  Total Remote Usage
		Usr 0 00:00:00, Sys 0 00:00:00  -  Total Local Usage
	10422  -  Run Bytes Sent By Job
	9706  -  Run Bytes Received By Job
	10422  -  Total Bytes Sent By Job
	9706  -  Total Bytes Received By Job
	Partitionable Resources :    Usage  Request Allocated Assigned
	   Cpus                 :     3.79        4         4 
	   Disk (KB)            :    69          12      6950 
	   GPUs                 :     0.60        1         1 "GPU-8419873c"
	   GpusMemory (MB)      :  2246                       
	   Memory (MB)          :  1879       12000     12000 
	   TimeExecute (s)      :   356                       
	   TimeSlotBusy (s)     :   357                       

	Job terminated of its own accord at 2026-04-25T04:09:32Z with exit-code 0.
...
