000 (15000006.000.000) 04/25 06:03:52 Job submitted from host: <188.184.90.62:9618?addrs=188.184.90.62-9618+[2001-1458-201-e4--100-238]-9618&alias=bigbird16.cern.ch&noUDP&sock=schedd_5196_9a2f>
...
040 (15000006.000.000) 04/25 06:04:33 Started transferring input files
	Transferring to host: <188.185.238.10:9618?addrs=188.185.238.10-9618+[2001-1458-303-28--100-6]-9618&alias=b9pgpun002.cern.ch&noUDP&sock=slot1_4_1939520_0c0f_111934>
...
040 (15000006.000.000) 04/25 06:04:33 Finished transferring input files
...
001 (15000006.000.000) 04/25 06:04:34 Job executing on host: <188.185.238.10:9618?addrs=188.185.238.10-9618+[2001-1458-303-28--100-6]-9618&alias=b9pgpun002.cern.ch&noUDP&sock=startd_1939478_2ae8>
	SlotName: slot1_4@b9pgpun002.cern.ch
	AvailableGPUs = { GPUs_GPU_a111cc3f }
	CondorScratchDir = "/pool/condor/dir_1136143"
	Cpus = 4
	Disk = 7049
	GPUs = 1
	GPUs_GPU_a111cc3f = [ Id = "GPU-a111cc3f"; ClockMhz = 1785.0; Capability = 9.0; CoresPerCU = 128; DeviceName = "NVIDIA H100 NVL"; DeviceUuid = "a111cc3f-b0ac-64c9-aeec-748e3fd5b066"; ECCEnabled = true; ComputeUnits = 132; DriverVersion = 13.0; DevicePciBusId = "0000:AE:00.0"; GlobalMemoryMb = 95320; MaxSupportedVersion = 13000 ]
	Memory = 12000
...
006 (15000006.000.000) 04/25 06:04:48 Image size of job updated: 1911820
	1868  -  MemoryUsage of job (MB)
	1911820  -  ResidentSetSize of job (KB)
...
006 (15000006.000.000) 04/25 06:09:48 Image size of job updated: 1918944
	1868  -  MemoryUsage of job (MB)
	1911820  -  ResidentSetSize of job (KB)
...
040 (15000006.000.000) 04/25 06:10:40 Started transferring output files
...
040 (15000006.000.000) 04/25 06:10:40 Finished transferring output files
...
005 (15000006.000.000) 04/25 06:10:40 Job terminated.
	(1) Normal termination (return value 0)
		Usr 0 00:19:43, Sys 0 00:00:45  -  Run Remote Usage
		Usr 0 00:00:00, Sys 0 00:00:00  -  Run Local Usage
		Usr 0 00:19:43, Sys 0 00:00:45  -  Total Remote Usage
		Usr 0 00:00:00, Sys 0 00:00:00  -  Total Local Usage
	10879  -  Run Bytes Sent By Job
	9706  -  Run Bytes Received By Job
	10879  -  Total Bytes Sent By Job
	9706  -  Total Bytes Received By Job
	Partitionable Resources :    Usage  Request Allocated Assigned
	   Cpus                 :        0        4         4 
	   Disk (KB)            :       69       12      7049 
	   GPUs                 :                 1         1 "GPU-a111cc3f"
	   Memory (MB)          :     1868    12000     12000 
	   TimeExecute (s)      :      366                    
	   TimeSlotBusy (s)     :      367                    

	Job terminated of its own accord at 2026-04-25T04:10:40Z with exit-code 0.
...
