000 (15000010.000.000) 04/25 06:59:33 Job submitted from host: <188.184.90.62:9618?addrs=188.184.90.62-9618+[2001-1458-201-e4--100-238]-9618&alias=bigbird16.cern.ch&noUDP&sock=schedd_5196_9a2f>
...
040 (15000010.000.000) 04/25 06:59:46 Started transferring input files
	Transferring to host: <188.184.195.60:9618?addrs=188.184.195.60-9618+[2001-1458-301-72--100-40b]-9618&alias=b9g47n8368.cern.ch&noUDP&sock=slot1_1_17911_ab71_116087>
...
040 (15000010.000.000) 04/25 06:59:46 Finished transferring input files
...
001 (15000010.000.000) 04/25 06:59:47 Job executing on host: <188.184.195.60:9618?addrs=188.184.195.60-9618+[2001-1458-301-72--100-40b]-9618&alias=b9g47n8368.cern.ch&noUDP&sock=startd_17076_4b4d>
	SlotName: slot1_1@b9g47n8368.cern.ch
	AvailableGPUs = { GPUs_GPU_0d3184cb }
	CondorScratchDir = "/pool/condor/dir_3432325"
	Cpus = 4
	Disk = 2052
	GPUs = 1
	GPUs_GPU_0d3184cb = [ Id = "GPU-0d3184cb"; ClockMhz = 1590.0; Capability = 7.5; CoresPerCU = 64; DeviceName = "Tesla T4"; DeviceUuid = "0d3184cb-044b-6a85-e661-54a626111c00"; ECCEnabled = true; ComputeUnits = 40; DriverVersion = 13.0; DevicePciBusId = "0000:07:00.0"; GlobalMemoryMb = 14913; MaxSupportedVersion = 13000 ]
	Memory = 12000
...
006 (15000010.000.000) 04/25 07:00:00 Image size of job updated: 245200
	240  -  MemoryUsage of job (MB)
	245200  -  ResidentSetSize of job (KB)
...
006 (15000010.000.000) 04/25 07:05:00 Image size of job updated: 2066944
	2016  -  MemoryUsage of job (MB)
	2063740  -  ResidentSetSize of job (KB)
...
006 (15000010.000.000) 04/25 07:10:01 Image size of job updated: 2070268
	2016  -  MemoryUsage of job (MB)
	2063740  -  ResidentSetSize of job (KB)
...
006 (15000010.000.000) 04/25 07:15:01 Image size of job updated: 2071232
	2016  -  MemoryUsage of job (MB)
	2063740  -  ResidentSetSize of job (KB)
...
006 (15000010.000.000) 04/25 07:20:01 Image size of job updated: 2071812
	2016  -  MemoryUsage of job (MB)
	2063740  -  ResidentSetSize of job (KB)
...
006 (15000010.000.000) 04/25 07:25:02 Image size of job updated: 2074300
	2016  -  MemoryUsage of job (MB)
	2063740  -  ResidentSetSize of job (KB)
...
006 (15000010.000.000) 04/25 07:30:03 Image size of job updated: 2074840
	2016  -  MemoryUsage of job (MB)
	2063740  -  ResidentSetSize of job (KB)
...
006 (15000010.000.000) 04/25 07:35:03 Image size of job updated: 2124252
	2054  -  MemoryUsage of job (MB)
	2102896  -  ResidentSetSize of job (KB)
...
006 (15000010.000.000) 04/25 07:40:04 Image size of job updated: 2147356
	2077  -  MemoryUsage of job (MB)
	2126476  -  ResidentSetSize of job (KB)
...
006 (15000010.000.000) 04/25 07:41:02 Image size of job updated: 2152336
	2077  -  MemoryUsage of job (MB)
	2126476  -  ResidentSetSize of job (KB)
...
040 (15000010.000.000) 04/25 07:41:02 Started transferring output files
...
040 (15000010.000.000) 04/25 07:41:02 Finished transferring output files
...
005 (15000010.000.000) 04/25 07:41:02 Job terminated.
	(1) Normal termination (return value 0)
		Usr 0 01:27:47, Sys 0 00:02:55  -  Run Remote Usage
		Usr 0 00:00:00, Sys 0 00:00:00  -  Run Local Usage
		Usr 0 01:27:47, Sys 0 00:02:55  -  Total Remote Usage
		Usr 0 00:00:00, Sys 0 00:00:00  -  Total Local Usage
	15353  -  Run Bytes Sent By Job
	9678  -  Run Bytes Received By Job
	15353  -  Total Bytes Sent By Job
	9678  -  Total Bytes Received By Job
	Partitionable Resources :    Usage  Request Allocated Assigned
	   Cpus                 :     2.41        4         4 
	   Disk (KB)            :    73          12      2052 
	   GPUs                 :     0.88        1         1 "GPU-0d3184cb"
	   GpusMemory (MB)      :  3235                       
	   Memory (MB)          :  2077       12000     12000 
	   TimeExecute (s)      :  2475                       
	   TimeSlotBusy (s)     :  2477                       

	Job terminated of its own accord at 2026-04-25T05:41:02Z with exit-code 0.
...
