000 (15000001.000.000) 04/25 06:02:32 Job submitted from host: <188.184.90.62:9618?addrs=188.184.90.62-9618+[2001-1458-201-e4--100-238]-9618&alias=bigbird16.cern.ch&noUDP&sock=schedd_5196_9a2f>
...
040 (15000001.000.000) 04/25 06:02:37 Started transferring input files
	Transferring to host: <188.185.238.11:9618?addrs=188.185.238.11-9618+[2001-1458-303-28--100-7]-9618&alias=b9pgpun003.cern.ch&noUDP&sock=slot1_3_2204080_8015_43240>
...
040 (15000001.000.000) 04/25 06:02:37 Finished transferring input files
...
001 (15000001.000.000) 04/25 06:02:39 Job executing on host: <188.185.238.11:9618?addrs=188.185.238.11-9618+[2001-1458-303-28--100-7]-9618&alias=b9pgpun003.cern.ch&noUDP&sock=startd_2204038_528c>
	SlotName: slot1_3@b9pgpun003.cern.ch
	AvailableGPUs = { GPUs_GPU_083fcf4c }
	CondorScratchDir = "/pool/condor/dir_2724824"
	Cpus = 4
	Disk = 7058
	GPUs = 1
	GPUs_GPU_083fcf4c = [ Id = "GPU-083fcf4c"; ClockMhz = 1785.0; Capability = 9.0; CoresPerCU = 128; DeviceName = "NVIDIA H100 NVL"; DeviceUuid = "083fcf4c-9f6a-25ac-7a16-12b9f2217114"; ECCEnabled = true; ComputeUnits = 132; DriverVersion = 13.0; DevicePciBusId = "0000:AE:00.0"; GlobalMemoryMb = 95320; MaxSupportedVersion = 13000 ]
	Memory = 12000
...
006 (15000001.000.000) 04/25 06:02:52 Image size of job updated: 1914760
	1870  -  MemoryUsage of job (MB)
	1914760  -  ResidentSetSize of job (KB)
...
006 (15000001.000.000) 04/25 06:07:52 Image size of job updated: 1926640
	1870  -  MemoryUsage of job (MB)
	1914760  -  ResidentSetSize of job (KB)
...
040 (15000001.000.000) 04/25 06:08:52 Started transferring output files
...
040 (15000001.000.000) 04/25 06:08:52 Finished transferring output files
...
005 (15000001.000.000) 04/25 06:08:52 Job terminated.
	(1) Normal termination (return value 0)
		Usr 0 00:18:27, Sys 0 00:00:34  -  Run Remote Usage
		Usr 0 00:00:00, Sys 0 00:00:00  -  Run Local Usage
		Usr 0 00:18:27, Sys 0 00:00:34  -  Total Remote Usage
		Usr 0 00:00:00, Sys 0 00:00:00  -  Total Local Usage
	8851  -  Run Bytes Sent By Job
	9706  -  Run Bytes Received By Job
	8851  -  Total Bytes Sent By Job
	9706  -  Total Bytes Received By Job
	Partitionable Resources :    Usage  Request Allocated Assigned
	   Cpus                 :        0        4         4 
	   Disk (KB)            :       67       12      7058 
	   GPUs                 :                 1         1 "GPU-083fcf4c"
	   Memory (MB)          :     1870    12000     12000 
	   TimeExecute (s)      :      374                    
	   TimeSlotBusy (s)     :      375                    

	Job terminated of its own accord at 2026-04-25T04:08:52Z with exit-code 0.
...
