000 (14999994.000.000) 04/25 06:00:23 Job submitted from host: <188.184.90.62:9618?addrs=188.184.90.62-9618+[2001-1458-201-e4--100-238]-9618&alias=bigbird16.cern.ch&noUDP&sock=schedd_5196_9a2f>
...
040 (14999994.000.000) 04/25 06:01:59 Started transferring input files
	Transferring to host: <188.185.190.109:9618?addrs=188.185.190.109-9618+[2001-1458-d03-b--100-300]-9618&alias=b9pgpun014.cern.ch&noUDP&sock=slot1_2_10260_d91a_42281>
...
040 (14999994.000.000) 04/25 06:01:59 Finished transferring input files
...
001 (14999994.000.000) 04/25 06:02:00 Job executing on host: <188.185.190.109:9618?addrs=188.185.190.109-9618+[2001-1458-d03-b--100-300]-9618&alias=b9pgpun014.cern.ch&noUDP&sock=startd_9152_16d8>
	SlotName: slot1_2@b9pgpun014.cern.ch
	AvailableGPUs = { GPUs_GPU_45f32e65 }
	CondorScratchDir = "/pool/condor/dir_2312062"
	Cpus = 4
	Disk = 6645
	GPUs = 1
	GPUs_GPU_45f32e65 = [ Id = "GPU-45f32e65"; ClockMhz = 1785.0; Capability = 9.0; CoresPerCU = 128; DeviceName = "NVIDIA H100 NVL"; DeviceUuid = "45f32e65-fddf-18a1-63a5-d7c14d13255c"; ECCEnabled = true; ComputeUnits = 132; DriverVersion = 13.0; DevicePciBusId = "0000:3B:00.0"; GlobalMemoryMb = 95320; MaxSupportedVersion = 13000 ]
	Memory = 12000
...
006 (14999994.000.000) 04/25 06:02:13 Image size of job updated: 1521352
	1486  -  MemoryUsage of job (MB)
	1521352  -  ResidentSetSize of job (KB)
...
006 (14999994.000.000) 04/25 06:07:13 Image size of job updated: 1913144
	1863  -  MemoryUsage of job (MB)
	1906828  -  ResidentSetSize of job (KB)
...
040 (14999994.000.000) 04/25 06:08:11 Started transferring output files
...
040 (14999994.000.000) 04/25 06:08:11 Finished transferring output files
...
005 (14999994.000.000) 04/25 06:08:11 Job terminated.
	(1) Normal termination (return value 0)
		Usr 0 00:19:11, Sys 0 00:00:43  -  Run Remote Usage
		Usr 0 00:00:00, Sys 0 00:00:00  -  Run Local Usage
		Usr 0 00:19:11, Sys 0 00:00:43  -  Total Remote Usage
		Usr 0 00:00:00, Sys 0 00:00:00  -  Total Local Usage
	10368  -  Run Bytes Sent By Job
	9706  -  Run Bytes Received By Job
	10368  -  Total Bytes Sent By Job
	9706  -  Total Bytes Received By Job
	Partitionable Resources :    Usage  Request Allocated Assigned
	   Cpus                 :        0        4         4 
	   Disk (KB)            :       69       12      6645 
	   GPUs                 :                 1         1 "GPU-45f32e65"
	   Memory (MB)          :     1863    12000     12000 
	   TimeExecute (s)      :      371                    
	   TimeSlotBusy (s)     :      374                    

	Job terminated of its own accord at 2026-04-25T04:08:11Z with exit-code 0.
...
