000 (14998262.000.000) 04/23 21:29:30 Job submitted from host: <188.184.90.62:9618?addrs=188.184.90.62-9618+[2001-1458-201-e4--100-238]-9618&alias=bigbird16.cern.ch&noUDP&sock=schedd_5196_9a2f>
...
040 (14998262.000.000) 04/23 21:30:40 Started transferring input files
	Transferring to host: <188.184.195.47:9618?addrs=188.184.195.47-9618+[2001-1458-301-72--100-2d3]-9618&alias=b9g47n2619.cern.ch&noUDP&sock=slot1_1_3269297_3daa_28827>
...
040 (14998262.000.000) 04/23 21:30:40 Finished transferring input files
...
001 (14998262.000.000) 04/23 21:30:41 Job executing on host: <188.184.195.47:9618?addrs=188.184.195.47-9618+[2001-1458-301-72--100-2d3]-9618&alias=b9g47n2619.cern.ch&noUDP&sock=startd_14416_c162>
	SlotName: slot1_1@b9g47n2619.cern.ch
	AvailableGPUs = { GPUs_GPU_ce719f31 }
	CondorScratchDir = "/pool/condor/dir_1067967"
	Cpus = 4
	Disk = 2048
	GPUs = 1
	GPUs_GPU_ce719f31 = [ Id = "GPU-ce719f31"; ClockMhz = 1480.5; Capability = 6.0; CoresPerCU = 64; DeviceName = "Tesla P100-SXM2-16GB"; DeviceUuid = "ce719f31-903b-fd6c-c236-2c658455a73e"; ECCEnabled = false; ComputeUnits = 56; DriverVersion = 13.0; DevicePciBusId = "0000:06:00.0"; GlobalMemoryMb = 16269; MaxSupportedVersion = 13000 ]
	Memory = 12000
...
006 (14998262.000.000) 04/23 21:30:54 Image size of job updated: 27992
	28  -  MemoryUsage of job (MB)
	27992  -  ResidentSetSize of job (KB)
...
006 (14998262.000.000) 04/23 21:31:38 Image size of job updated: 821300
	28  -  MemoryUsage of job (MB)
	27992  -  ResidentSetSize of job (KB)
...
040 (14998262.000.000) 04/23 21:31:38 Started transferring output files
...
040 (14998262.000.000) 04/23 21:31:38 Finished transferring output files
...
005 (14998262.000.000) 04/23 21:31:38 Job terminated.
	(1) Normal termination (return value 1)
		Usr 0 00:00:07, Sys 0 00:00:06  -  Run Remote Usage
		Usr 0 00:00:00, Sys 0 00:00:00  -  Run Local Usage
		Usr 0 00:00:07, Sys 0 00:00:06  -  Total Remote Usage
		Usr 0 00:00:00, Sys 0 00:00:00  -  Total Local Usage
	7684  -  Run Bytes Sent By Job
	317  -  Run Bytes Received By Job
	7684  -  Total Bytes Sent By Job
	317  -  Total Bytes Received By Job
	Partitionable Resources :    Usage  Request Allocated Assigned
	   Cpus                 :        0        4         4 
	   Disk (KB)            :       32        1      2048 
	   GPUs                 :        0        1         1 "GPU-ce719f31"
	   GpusMemory (MB)      :      117                    
	   Memory (MB)          :       28    12000     12000 
	   TimeExecute (s)      :       57                    
	   TimeSlotBusy (s)     :       59                    

	Job terminated of its own accord at 2026-04-23T19:31:38Z with exit-code 1.
...
000 (14998402.000.000) 04/23 23:42:31 Job submitted from host: <188.184.90.62:9618?addrs=188.184.90.62-9618+[2001-1458-201-e4--100-238]-9618&alias=bigbird16.cern.ch&noUDP&sock=schedd_5196_9a2f>
...
009 (14998402.000.000) 04/24 00:43:23 Job was aborted.
	via condor_rm (by user mbaessle)
...
000 (14999768.000.000) 04/24 16:45:09 Job submitted from host: <188.184.90.62:9618?addrs=188.184.90.62-9618+[2001-1458-201-e4--100-238]-9618&alias=bigbird16.cern.ch&noUDP&sock=schedd_5196_9a2f>
...
009 (14999768.000.000) 04/24 16:54:30 Job was aborted.
	via condor_rm (by user mbaessle)
...
000 (14999769.000.000) 04/24 16:54:46 Job submitted from host: <188.184.90.62:9618?addrs=188.184.90.62-9618+[2001-1458-201-e4--100-238]-9618&alias=bigbird16.cern.ch&noUDP&sock=schedd_5196_9a2f>
...
009 (14999769.000.000) 04/24 17:11:09 Job was aborted.
	via condor_rm (by user mbaessle)
...
000 (14999776.000.000) 04/24 17:11:26 Job submitted from host: <188.184.90.62:9618?addrs=188.184.90.62-9618+[2001-1458-201-e4--100-238]-9618&alias=bigbird16.cern.ch&noUDP&sock=schedd_5196_9a2f>
...
009 (14999776.000.000) 04/24 23:47:32 Job was aborted.
	via condor_rm (by user mbaessle)
...
000 (14999954.000.000) 04/25 00:16:01 Job submitted from host: <188.184.90.62:9618?addrs=188.184.90.62-9618+[2001-1458-201-e4--100-238]-9618&alias=bigbird16.cern.ch&noUDP&sock=schedd_5196_9a2f>
...
040 (14999954.000.000) 04/25 00:16:25 Started transferring input files
	Transferring to host: <188.185.190.104:9618?addrs=188.185.190.104-9618+[2001-1458-d03-b--100-22f]-9618&alias=b9pgpun501.cern.ch&noUDP&sock=slot1_3_278654_b37c_41753>
...
040 (14999954.000.000) 04/25 00:16:25 Finished transferring input files
...
001 (14999954.000.000) 04/25 00:16:26 Job executing on host: <188.185.190.104:9618?addrs=188.185.190.104-9618+[2001-1458-d03-b--100-22f]-9618&alias=b9pgpun501.cern.ch&noUDP&sock=startd_240657_4373>
	SlotName: slot1_3@b9pgpun501.cern.ch
	AvailableGPUs = { GPUs_GPU_78d77232 }
	CondorScratchDir = "/pool/condor/dir_1437492"
	Cpus = 4
	Disk = 3779
	GPUs = 1
	GPUs_GPU_78d77232 = [ Id = "GPU-78d77232"; ClockMhz = 1785.0; Capability = 9.0; CoresPerCU = 128; DeviceName = "NVIDIA H100 NVL"; DeviceUuid = "78d77232-b375-b59c-59e7-002dc1fca725"; ECCEnabled = true; ComputeUnits = 132; DriverVersion = 13.0; DevicePciBusId = "0000:08:00.0"; GlobalMemoryMb = 95319; MaxSupportedVersion = 13000 ]
	Memory = 12000
...
006 (14999954.000.000) 04/25 00:16:39 Image size of job updated: 450372
	440  -  MemoryUsage of job (MB)
	450372  -  ResidentSetSize of job (KB)
...
006 (14999954.000.000) 04/25 00:21:39 Image size of job updated: 1918956
	1854  -  MemoryUsage of job (MB)
	1898372  -  ResidentSetSize of job (KB)
...
040 (14999954.000.000) 04/25 00:24:46 Started transferring output files
...
040 (14999954.000.000) 04/25 00:24:46 Finished transferring output files
...
005 (14999954.000.000) 04/25 00:24:46 Job terminated.
	(1) Normal termination (return value 0)
		Usr 0 00:24:12, Sys 0 00:01:48  -  Run Remote Usage
		Usr 0 00:00:00, Sys 0 00:00:00  -  Run Local Usage
		Usr 0 00:24:12, Sys 0 00:01:48  -  Total Remote Usage
		Usr 0 00:00:00, Sys 0 00:00:00  -  Total Local Usage
	15104  -  Run Bytes Sent By Job
	8522  -  Run Bytes Received By Job
	15104  -  Total Bytes Sent By Job
	8522  -  Total Bytes Received By Job
	Partitionable Resources :    Usage  Request Allocated Assigned
	   Cpus                 :     3.69        4         4 
	   Disk (KB)            :    52          10      3779 
	   GPUs                 :     0.39        1         1 "GPU-78d77232"
	   GpusMemory (MB)      :  2094                       
	   Memory (MB)          :  1854       12000     12000 
	   TimeExecute (s)      :   500                       
	   TimeSlotBusy (s)     :   502                       

	Job terminated of its own accord at 2026-04-24T22:24:46Z with exit-code 0.
...
000 (14999956.000.000) 04/25 00:43:02 Job submitted from host: <188.184.90.62:9618?addrs=188.184.90.62-9618+[2001-1458-201-e4--100-238]-9618&alias=bigbird16.cern.ch&noUDP&sock=schedd_5196_9a2f>
...
040 (14999956.000.000) 04/25 00:43:25 Started transferring input files
	Transferring to host: <188.185.238.11:9618?addrs=188.185.238.11-9618+[2001-1458-303-28--100-7]-9618&alias=b9pgpun003.cern.ch&noUDP&sock=slot1_2_2204080_8015_42906>
...
040 (14999956.000.000) 04/25 00:43:25 Finished transferring input files
...
001 (14999956.000.000) 04/25 00:43:26 Job executing on host: <188.185.238.11:9618?addrs=188.185.238.11-9618+[2001-1458-303-28--100-7]-9618&alias=b9pgpun003.cern.ch&noUDP&sock=startd_2204038_528c>
	SlotName: slot1_2@b9pgpun003.cern.ch
	AvailableGPUs = { GPUs_GPU_b0236122 }
	CondorScratchDir = "/pool/condor/dir_2660479"
	Cpus = 4
	Disk = 7059
	GPUs = 1
	GPUs_GPU_b0236122 = [ Id = "GPU-b0236122"; ClockMhz = 1785.0; Capability = 9.0; CoresPerCU = 128; DeviceName = "NVIDIA H100 NVL"; DeviceUuid = "b0236122-3dad-e41f-0e67-9f9775407a9b"; ECCEnabled = true; ComputeUnits = 132; DriverVersion = 13.0; DevicePciBusId = "0000:AD:00.0"; GlobalMemoryMb = 95320; MaxSupportedVersion = 13000 ]
	Memory = 12000
...
006 (14999956.000.000) 04/25 00:43:39 Image size of job updated: 1307460
	1277  -  MemoryUsage of job (MB)
	1307460  -  ResidentSetSize of job (KB)
...
006 (14999956.000.000) 04/25 00:48:39 Image size of job updated: 1925680
	1881  -  MemoryUsage of job (MB)
	1925680  -  ResidentSetSize of job (KB)
...
040 (14999956.000.000) 04/25 00:50:08 Started transferring output files
...
040 (14999956.000.000) 04/25 00:50:08 Finished transferring output files
...
005 (14999956.000.000) 04/25 00:50:08 Job terminated.
	(1) Normal termination (return value 0)
		Usr 0 00:20:25, Sys 0 00:00:57  -  Run Remote Usage
		Usr 0 00:00:00, Sys 0 00:00:00  -  Run Local Usage
		Usr 0 00:20:25, Sys 0 00:00:57  -  Total Remote Usage
		Usr 0 00:00:00, Sys 0 00:00:00  -  Total Local Usage
	14744  -  Run Bytes Sent By Job
	8522  -  Run Bytes Received By Job
	14744  -  Total Bytes Sent By Job
	8522  -  Total Bytes Received By Job
	Partitionable Resources :    Usage  Request Allocated Assigned
	   Cpus                 :     3.77        4         4 
	   Disk (KB)            :    52          10      7059 
	   GPUs                 :     0.35        1         1 "GPU-b0236122"
	   GpusMemory (MB)      :  2132                       
	   Memory (MB)          :  1881       12000     12000 
	   TimeExecute (s)      :   402                       
	   TimeSlotBusy (s)     :   404                       

	Job terminated of its own accord at 2026-04-24T22:50:08Z with exit-code 0.
...
