000 (15001272.000.000) 04/25 18:39:13 Job submitted from host: <188.184.90.62:9618?addrs=188.184.90.62-9618+[2001-1458-201-e4--100-238]-9618&alias=bigbird16.cern.ch&noUDP&sock=schedd_5196_9a2f>
...
040 (15001272.000.000) 04/25 18:39:31 Started transferring input files
	Transferring to host: <188.184.195.125:9618?addrs=188.184.195.125-9618+[2001-1458-301-72--100-46]-9618&alias=b9g47n4484.cern.ch&noUDP&sock=slot1_1_6086_e331_26166>
...
040 (15001272.000.000) 04/25 18:39:31 Finished transferring input files
...
001 (15001272.000.000) 04/25 18:39:33 Job executing on host: <188.184.195.125:9618?addrs=188.184.195.125-9618+[2001-1458-301-72--100-46]-9618&alias=b9g47n4484.cern.ch&noUDP&sock=startd_5042_f89a>
	SlotName: slot1_1@b9g47n4484.cern.ch
	AvailableGPUs = { GPUs_GPU_af018eac }
	CondorScratchDir = "/pool/condor/dir_3335054"
	Cpus = 4
	Disk = 2065
	GPUs = 1
	GPUs_GPU_af018eac = [ Id = "GPU-af018eac"; ClockMhz = 1590.0; Capability = 7.5; CoresPerCU = 64; DeviceName = "Tesla T4"; DeviceUuid = "af018eac-0217-6a0c-1f02-a7671647c0bf"; ECCEnabled = true; ComputeUnits = 40; DriverVersion = 13.0; DevicePciBusId = "0000:07:00.0"; GlobalMemoryMb = 14913; MaxSupportedVersion = 13000 ]
	Memory = 12000
...
006 (15001272.000.000) 04/25 18:39:46 Image size of job updated: 244400
	239  -  MemoryUsage of job (MB)
	244400  -  ResidentSetSize of job (KB)
...
006 (15001272.000.000) 04/25 18:44:46 Image size of job updated: 2066572
	2004  -  MemoryUsage of job (MB)
	2051204  -  ResidentSetSize of job (KB)
...
006 (15001272.000.000) 04/25 18:54:48 Image size of job updated: 2078692
	2030  -  MemoryUsage of job (MB)
	2078692  -  ResidentSetSize of job (KB)
...
006 (15001272.000.000) 04/25 18:59:48 Image size of job updated: 2119684
	2053  -  MemoryUsage of job (MB)
	2102036  -  ResidentSetSize of job (KB)
...
006 (15001272.000.000) 04/25 19:04:48 Image size of job updated: 2138568
	2066  -  MemoryUsage of job (MB)
	2115216  -  ResidentSetSize of job (KB)
...
006 (15001272.000.000) 04/25 19:09:49 Image size of job updated: 2163580
	2102  -  MemoryUsage of job (MB)
	2151688  -  ResidentSetSize of job (KB)
...
006 (15001272.000.000) 04/25 19:14:49 Image size of job updated: 2190084
	2113  -  MemoryUsage of job (MB)
	2163328  -  ResidentSetSize of job (KB)
...
006 (15001272.000.000) 04/25 19:19:49 Image size of job updated: 2211892
	2129  -  MemoryUsage of job (MB)
	2179364  -  ResidentSetSize of job (KB)
...
006 (15001272.000.000) 04/25 19:24:50 Image size of job updated: 2226124
	2160  -  MemoryUsage of job (MB)
	2211248  -  ResidentSetSize of job (KB)
...
006 (15001272.000.000) 04/25 19:29:50 Image size of job updated: 2254032
	2180  -  MemoryUsage of job (MB)
	2231352  -  ResidentSetSize of job (KB)
...
040 (15001272.000.000) 04/25 19:30:57 Started transferring output files
...
040 (15001272.000.000) 04/25 19:30:57 Finished transferring output files
...
005 (15001272.000.000) 04/25 19:30:57 Job terminated.
	(1) Normal termination (return value 0)
		Usr 0 01:38:26, Sys 0 00:03:13  -  Run Remote Usage
		Usr 0 00:00:00, Sys 0 00:00:00  -  Run Local Usage
		Usr 0 01:38:26, Sys 0 00:03:13  -  Total Remote Usage
		Usr 0 00:00:00, Sys 0 00:00:00  -  Total Local Usage
	21748  -  Run Bytes Sent By Job
	9671  -  Run Bytes Received By Job
	21748  -  Total Bytes Sent By Job
	9671  -  Total Bytes Received By Job
	Partitionable Resources :    Usage  Request Allocated Assigned
	   Cpus                 :     2.00        4         4 
	   Disk (KB)            :    60          12      2065 
	   GPUs                 :     0.90        1         1 "GPU-af018eac"
	   GpusMemory (MB)      :  3557                       
	   Memory (MB)          :  2180       12000     12000 
	   TimeExecute (s)      :  3085                       
	   TimeSlotBusy (s)     :  3087                       

	Job terminated of its own accord at 2026-04-25T17:30:57Z with exit-code 0.
...
