000 (15000014.000.000) 04/25 07:05:30 Job submitted from host: <188.184.90.62:9618?addrs=188.184.90.62-9618+[2001-1458-201-e4--100-238]-9618&alias=bigbird16.cern.ch&noUDP&sock=schedd_5196_9a2f>
...
040 (15000014.000.000) 04/25 07:05:44 Started transferring input files
	Transferring to host: <188.185.238.12:9618?addrs=188.185.238.12-9618+[2001-1458-303-28--100-8]-9618&alias=b9pgpun001.cern.ch&noUDP&sock=slot1_2_3229370_0eb2_110964>
...
040 (15000014.000.000) 04/25 07:05:44 Finished transferring input files
...
001 (15000014.000.000) 04/25 07:05:45 Job executing on host: <188.185.238.12:9618?addrs=188.185.238.12-9618+[2001-1458-303-28--100-8]-9618&alias=b9pgpun001.cern.ch&noUDP&sock=startd_16419_a594>
	SlotName: slot1_2@b9pgpun001.cern.ch
	AvailableGPUs = { GPUs_GPU_8b6364bc }
	CondorScratchDir = "/pool/condor/dir_88376"
	Cpus = 4
	Disk = 7031
	GPUs = 1
	GPUs_GPU_8b6364bc = [ Id = "GPU-8b6364bc"; ClockMhz = 1785.0; Capability = 9.0; CoresPerCU = 128; DeviceName = "NVIDIA H100 NVL"; DeviceUuid = "8b6364bc-045c-d99d-b867-6ceb39f9bcba"; ECCEnabled = true; ComputeUnits = 132; DriverVersion = 13.0; DevicePciBusId = "0000:3B:00.0"; GlobalMemoryMb = 95320; MaxSupportedVersion = 13000 ]
	Memory = 12000
...
006 (15000014.000.000) 04/25 07:05:58 Image size of job updated: 2105304
	2056  -  MemoryUsage of job (MB)
	2105304  -  ResidentSetSize of job (KB)
...
006 (15000014.000.000) 04/25 07:10:59 Image size of job updated: 2208564
	2127  -  MemoryUsage of job (MB)
	2177848  -  ResidentSetSize of job (KB)
...
040 (15000014.000.000) 04/25 07:12:50 Started transferring output files
...
040 (15000014.000.000) 04/25 07:12:50 Finished transferring output files
...
005 (15000014.000.000) 04/25 07:12:50 Job terminated.
	(1) Normal termination (return value 0)
		Usr 0 00:21:44, Sys 0 00:00:39  -  Run Remote Usage
		Usr 0 00:00:00, Sys 0 00:00:00  -  Run Local Usage
		Usr 0 00:21:44, Sys 0 00:00:39  -  Total Remote Usage
		Usr 0 00:00:00, Sys 0 00:00:00  -  Total Local Usage
	11436  -  Run Bytes Sent By Job
	9678  -  Run Bytes Received By Job
	11436  -  Total Bytes Sent By Job
	9678  -  Total Bytes Received By Job
	Partitionable Resources :    Usage  Request Allocated Assigned
	   Cpus                 :        0        4         4 
	   Disk (KB)            :       70       12      7031 
	   GPUs                 :                 1         1 "GPU-8b6364bc"
	   Memory (MB)          :     2127    12000     12000 
	   TimeExecute (s)      :      425                    
	   TimeSlotBusy (s)     :      426                    

	Job terminated of its own accord at 2026-04-25T05:12:50Z with exit-code 0.
...
