000 (14999998.000.000) 04/25 06:01:38 Job submitted from host: <188.184.90.62:9618?addrs=188.184.90.62-9618+[2001-1458-201-e4--100-238]-9618&alias=bigbird16.cern.ch&noUDP&sock=schedd_5196_9a2f>
...
040 (14999998.000.000) 04/25 06:02:00 Started transferring input files
	Transferring to host: <188.185.190.108:9618?addrs=188.185.190.108-9618+[2001-1458-d03-b--100-2ff]-9618&alias=b9pgpun015.cern.ch&noUDP&sock=slot1_1_1615979_24ca_112698>
...
040 (14999998.000.000) 04/25 06:02:00 Finished transferring input files
...
001 (14999998.000.000) 04/25 06:02:01 Job executing on host: <188.185.190.108:9618?addrs=188.185.190.108-9618+[2001-1458-d03-b--100-2ff]-9618&alias=b9pgpun015.cern.ch&noUDP&sock=startd_16497_25f7>
	SlotName: slot1_1@b9pgpun015.cern.ch
	AvailableGPUs = { GPUs_GPU_b24b403a }
	CondorScratchDir = "/pool/condor/dir_1479430"
	Cpus = 4
	Disk = 6950
	GPUs = 1
	GPUs_GPU_b24b403a = [ Id = "GPU-b24b403a"; ClockMhz = 1785.0; Capability = 9.0; CoresPerCU = 128; DeviceName = "NVIDIA H100 NVL"; DeviceUuid = "b24b403a-c8dc-04db-3428-2ea4c127b0ed"; ECCEnabled = true; ComputeUnits = 132; DriverVersion = 13.0; DevicePciBusId = "0000:3A:00.0"; GlobalMemoryMb = 95320; MaxSupportedVersion = 13000 ]
	Memory = 12000
...
006 (14999998.000.000) 04/25 06:02:14 Image size of job updated: 1496220
	1462  -  MemoryUsage of job (MB)
	1496220  -  ResidentSetSize of job (KB)
...
006 (14999998.000.000) 04/25 06:07:14 Image size of job updated: 1913004
	1462  -  MemoryUsage of job (MB)
	1496220  -  ResidentSetSize of job (KB)
...
040 (14999998.000.000) 04/25 06:07:27 Started transferring output files
...
040 (14999998.000.000) 04/25 06:07:27 Finished transferring output files
...
005 (14999998.000.000) 04/25 06:07:27 Job terminated.
	(1) Normal termination (return value 0)
		Usr 0 00:16:27, Sys 0 00:00:38  -  Run Remote Usage
		Usr 0 00:00:00, Sys 0 00:00:00  -  Run Local Usage
		Usr 0 00:16:27, Sys 0 00:00:38  -  Total Remote Usage
		Usr 0 00:00:00, Sys 0 00:00:00  -  Total Local Usage
	9158  -  Run Bytes Sent By Job
	9706  -  Run Bytes Received By Job
	9158  -  Total Bytes Sent By Job
	9706  -  Total Bytes Received By Job
	Partitionable Resources :    Usage  Request Allocated Assigned
	   Cpus                 :        0        4         4 
	   Disk (KB)            :       67       12      6950 
	   GPUs                 :                 1         1 "GPU-b24b403a"
	   Memory (MB)          :     1462    12000     12000 
	   TimeExecute (s)      :      326                    
	   TimeSlotBusy (s)     :      328                    

	Job terminated of its own accord at 2026-04-25T04:07:27Z with exit-code 0.
...
