000 (15000013.000.000) 04/25 07:05:19 Job submitted from host: <188.184.90.62:9618?addrs=188.184.90.62-9618+[2001-1458-201-e4--100-238]-9618&alias=bigbird16.cern.ch&noUDP&sock=schedd_5196_9a2f>
...
040 (15000013.000.000) 04/25 07:05:45 Started transferring input files
	Transferring to host: <188.185.238.11:9618?addrs=188.185.238.11-9618+[2001-1458-303-28--100-7]-9618&alias=b9pgpun003.cern.ch&noUDP&sock=slot1_2_2204080_8015_43270>
...
040 (15000013.000.000) 04/25 07:05:45 Finished transferring input files
...
001 (15000013.000.000) 04/25 07:05:47 Job executing on host: <188.185.238.11:9618?addrs=188.185.238.11-9618+[2001-1458-303-28--100-7]-9618&alias=b9pgpun003.cern.ch&noUDP&sock=startd_2204038_528c>
	SlotName: slot1_2@b9pgpun003.cern.ch
	AvailableGPUs = { GPUs_GPU_b0236122 }
	CondorScratchDir = "/pool/condor/dir_2740161"
	Cpus = 4
	Disk = 7058
	GPUs = 1
	GPUs_GPU_b0236122 = [ Id = "GPU-b0236122"; ClockMhz = 1785.0; Capability = 9.0; CoresPerCU = 128; DeviceName = "NVIDIA H100 NVL"; DeviceUuid = "b0236122-3dad-e41f-0e67-9f9775407a9b"; ECCEnabled = true; ComputeUnits = 132; DriverVersion = 13.0; DevicePciBusId = "0000:AD:00.0"; GlobalMemoryMb = 95320; MaxSupportedVersion = 13000 ]
	Memory = 12000
...
006 (15000013.000.000) 04/25 07:06:01 Image size of job updated: 2129684
	2080  -  MemoryUsage of job (MB)
	2129684  -  ResidentSetSize of job (KB)
...
006 (15000013.000.000) 04/25 07:11:02 Image size of job updated: 2208672
	2145  -  MemoryUsage of job (MB)
	2196388  -  ResidentSetSize of job (KB)
...
040 (15000013.000.000) 04/25 07:12:03 Started transferring output files
...
040 (15000013.000.000) 04/25 07:12:03 Finished transferring output files
...
005 (15000013.000.000) 04/25 07:12:03 Job terminated.
	(1) Normal termination (return value 0)
		Usr 0 00:18:24, Sys 0 00:00:36  -  Run Remote Usage
		Usr 0 00:00:00, Sys 0 00:00:00  -  Run Local Usage
		Usr 0 00:18:24, Sys 0 00:00:36  -  Total Remote Usage
		Usr 0 00:00:00, Sys 0 00:00:00  -  Total Local Usage
	9309  -  Run Bytes Sent By Job
	9678  -  Run Bytes Received By Job
	9309  -  Total Bytes Sent By Job
	9678  -  Total Bytes Received By Job
	Partitionable Resources :    Usage  Request Allocated Assigned
	   Cpus                 :     3.53        4         4 
	   Disk (KB)            :    68          12      7058 
	   GPUs                 :     0.49        1         1 "GPU-b0236122"
	   GpusMemory (MB)      :  5634                       
	   Memory (MB)          :  2145       12000     12000 
	   TimeExecute (s)      :   376                       
	   TimeSlotBusy (s)     :   378                       

	Job terminated of its own accord at 2026-04-25T05:12:02Z with exit-code 0.
...
