000 (14999992.000.000) 04/25 05:56:55 Job submitted from host: <188.184.90.62:9618?addrs=188.184.90.62-9618+[2001-1458-201-e4--100-238]-9618&alias=bigbird16.cern.ch&noUDP&sock=schedd_5196_9a2f>
...
040 (14999992.000.000) 04/25 05:58:35 Started transferring input files
	Transferring to host: <188.185.92.150:9618?addrs=188.185.92.150-9618+[2001-1458-d00-6c--100-201]-9618&alias=b9g57n6574.cern.ch&noUDP&sock=slot1_1_16331_6ab1_115264>
...
040 (14999992.000.000) 04/25 05:58:35 Finished transferring input files
...
001 (14999992.000.000) 04/25 05:58:36 Job executing on host: <188.185.92.150:9618?addrs=188.185.92.150-9618+[2001-1458-d00-6c--100-201]-9618&alias=b9g57n6574.cern.ch&noUDP&sock=startd_15371_ce54>
	SlotName: slot1_1@b9g57n6574.cern.ch
	AvailableGPUs = { GPUs_GPU_02931ae6 }
	CondorScratchDir = "/pool/condor/dir_3837291"
	Cpus = 4
	Disk = 2049
	GPUs = 1
	GPUs_GPU_02931ae6 = [ Id = "GPU-02931ae6"; ClockMhz = 1410.0; Capability = 8.0; CoresPerCU = 64; DeviceName = "NVIDIA A100-PCIE-40GB"; DeviceUuid = "02931ae6-34d8-3ada-595e-af9723b392cc"; ECCEnabled = true; ComputeUnits = 108; DriverVersion = 13.0; DevicePciBusId = "0000:06:00.0"; GlobalMemoryMb = 40441; MaxSupportedVersion = 13000 ]
	Memory = 12000
...
006 (14999992.000.000) 04/25 05:58:49 Image size of job updated: 12336
	13  -  MemoryUsage of job (MB)
	12336  -  ResidentSetSize of job (KB)
...
006 (14999992.000.000) 04/25 06:03:49 Image size of job updated: 1828312
	1766  -  MemoryUsage of job (MB)
	1807744  -  ResidentSetSize of job (KB)
...
006 (14999992.000.000) 04/25 06:08:50 Image size of job updated: 1830648
	1767  -  MemoryUsage of job (MB)
	1808916  -  ResidentSetSize of job (KB)
...
040 (14999992.000.000) 04/25 06:11:36 Started transferring output files
...
040 (14999992.000.000) 04/25 06:11:36 Finished transferring output files
...
005 (14999992.000.000) 04/25 06:11:36 Job terminated.
	(1) Normal termination (return value 0)
		Usr 0 00:27:03, Sys 0 00:07:43  -  Run Remote Usage
		Usr 0 00:00:00, Sys 0 00:00:00  -  Run Local Usage
		Usr 0 00:27:03, Sys 0 00:07:43  -  Total Remote Usage
		Usr 0 00:00:00, Sys 0 00:00:00  -  Total Local Usage
	10452  -  Run Bytes Sent By Job
	9706  -  Run Bytes Received By Job
	10452  -  Total Bytes Sent By Job
	9706  -  Total Bytes Received By Job
	Partitionable Resources :    Usage  Request Allocated Assigned
	   Cpus                 :     2.86        4         4 
	   Disk (KB)            :    68          12      2049 
	   GPUs                 :     0.42        1         1 "GPU-02931ae6"
	   GpusMemory (MB)      :  1876                       
	   Memory (MB)          :  1767       12000     12000 
	   TimeExecute (s)      :   780                       
	   TimeSlotBusy (s)     :   782                       

	Job terminated of its own accord at 2026-04-25T04:11:36Z with exit-code 0.
...
