000 (14999996.000.000) 04/25 06:01:02 Job submitted from host: <188.184.90.62:9618?addrs=188.184.90.62-9618+[2001-1458-201-e4--100-238]-9618&alias=bigbird16.cern.ch&noUDP&sock=schedd_5196_9a2f>
...
040 (14999996.000.000) 04/25 06:01:59 Started transferring input files
	Transferring to host: <188.185.238.12:9618?addrs=188.185.238.12-9618+[2001-1458-303-28--100-8]-9618&alias=b9pgpun001.cern.ch&noUDP&sock=slot1_2_3229370_0eb2_110933>
...
040 (14999996.000.000) 04/25 06:01:59 Finished transferring input files
...
001 (14999996.000.000) 04/25 06:02:00 Job executing on host: <188.185.238.12:9618?addrs=188.185.238.12-9618+[2001-1458-303-28--100-8]-9618&alias=b9pgpun001.cern.ch&noUDP&sock=startd_16419_a594>
	SlotName: slot1_2@b9pgpun001.cern.ch
	AvailableGPUs = { GPUs_GPU_8b6364bc }
	CondorScratchDir = "/pool/condor/dir_77615"
	Cpus = 4
	Disk = 7032
	GPUs = 1
	GPUs_GPU_8b6364bc = [ Id = "GPU-8b6364bc"; ClockMhz = 1785.0; Capability = 9.0; CoresPerCU = 128; DeviceName = "NVIDIA H100 NVL"; DeviceUuid = "8b6364bc-045c-d99d-b867-6ceb39f9bcba"; ECCEnabled = true; ComputeUnits = 132; DriverVersion = 13.0; DevicePciBusId = "0000:3B:00.0"; GlobalMemoryMb = 95320; MaxSupportedVersion = 13000 ]
	Memory = 12000
...
006 (14999996.000.000) 04/25 06:02:14 Image size of job updated: 1862316
	1819  -  MemoryUsage of job (MB)
	1862316  -  ResidentSetSize of job (KB)
...
006 (14999996.000.000) 04/25 06:07:15 Image size of job updated: 1915884
	1864  -  MemoryUsage of job (MB)
	1908036  -  ResidentSetSize of job (KB)
...
006 (14999996.000.000) 04/25 06:08:32 Image size of job updated: 1915884
	1864  -  MemoryUsage of job (MB)
	1908324  -  ResidentSetSize of job (KB)
...
040 (14999996.000.000) 04/25 06:08:32 Started transferring output files
...
040 (14999996.000.000) 04/25 06:08:32 Finished transferring output files
...
005 (14999996.000.000) 04/25 06:08:32 Job terminated.
	(1) Normal termination (return value 0)
		Usr 0 00:20:21, Sys 0 00:00:43  -  Run Remote Usage
		Usr 0 00:00:00, Sys 0 00:00:00  -  Run Local Usage
		Usr 0 00:20:21, Sys 0 00:00:43  -  Total Remote Usage
		Usr 0 00:00:00, Sys 0 00:00:00  -  Total Local Usage
	11050  -  Run Bytes Sent By Job
	9706  -  Run Bytes Received By Job
	11050  -  Total Bytes Sent By Job
	9706  -  Total Bytes Received By Job
	Partitionable Resources :    Usage  Request Allocated Assigned
	   Cpus                 :     3.77        4         4 
	   Disk (KB)            :    69          12      7032 
	   GPUs                 :     0.61        1         1 "GPU-8b6364bc"
	   GpusMemory (MB)      :  2858                       
	   Memory (MB)          :  1864       12000     12000 
	   TimeExecute (s)      :   392                       
	   TimeSlotBusy (s)     :   394                       

	Job terminated of its own accord at 2026-04-25T04:08:32Z with exit-code 0.
...
