000 (15000004.000.000) 04/25 06:03:20 Job submitted from host: <188.184.90.62:9618?addrs=188.184.90.62-9618+[2001-1458-201-e4--100-238]-9618&alias=bigbird16.cern.ch&noUDP&sock=schedd_5196_9a2f>
...
040 (15000004.000.000) 04/25 06:03:34 Started transferring input files
	Transferring to host: <188.184.195.226:9618?addrs=188.184.195.226-9618+[2001-1458-301-72--100-208]-9618&alias=b9g47n4984.cern.ch&noUDP&sock=slot1_1_258043_6316_107119>
...
040 (15000004.000.000) 04/25 06:03:34 Finished transferring input files
...
001 (15000004.000.000) 04/25 06:03:35 Job executing on host: <188.184.195.226:9618?addrs=188.184.195.226-9618+[2001-1458-301-72--100-208]-9618&alias=b9g47n4984.cern.ch&noUDP&sock=startd_5603_c53b>
	SlotName: slot1_1@b9g47n4984.cern.ch
	AvailableGPUs = { GPUs_GPU_8ce30a61 }
	CondorScratchDir = "/pool/condor/dir_474624"
	Cpus = 4
	Disk = 2057
	GPUs = 1
	GPUs_GPU_8ce30a61 = [ Id = "GPU-8ce30a61"; ClockMhz = 1590.0; Capability = 7.5; CoresPerCU = 64; DeviceName = "Tesla T4"; DeviceUuid = "8ce30a61-1c4d-d3ee-3956-d018ef656c0a"; ECCEnabled = true; ComputeUnits = 40; DriverVersion = 13.0; DevicePciBusId = "0000:07:00.0"; GlobalMemoryMb = 14913; MaxSupportedVersion = 13000 ]
	Memory = 12000
...
006 (15000004.000.000) 04/25 06:03:49 Image size of job updated: 1488
	2  -  MemoryUsage of job (MB)
	1488  -  ResidentSetSize of job (KB)
...
006 (15000004.000.000) 04/25 06:08:50 Image size of job updated: 1752536
	1694  -  MemoryUsage of job (MB)
	1734320  -  ResidentSetSize of job (KB)
...
006 (15000004.000.000) 04/25 06:13:50 Image size of job updated: 1757260
	1712  -  MemoryUsage of job (MB)
	1753080  -  ResidentSetSize of job (KB)
...
006 (15000004.000.000) 04/25 06:18:50 Image size of job updated: 1762100
	1714  -  MemoryUsage of job (MB)
	1754528  -  ResidentSetSize of job (KB)
...
040 (15000004.000.000) 04/25 06:21:36 Started transferring output files
...
040 (15000004.000.000) 04/25 06:21:36 Finished transferring output files
...
005 (15000004.000.000) 04/25 06:21:36 Job terminated.
	(1) Normal termination (return value 0)
		Usr 0 00:32:13, Sys 0 00:01:18  -  Run Remote Usage
		Usr 0 00:00:00, Sys 0 00:00:00  -  Run Local Usage
		Usr 0 00:32:13, Sys 0 00:01:18  -  Total Remote Usage
		Usr 0 00:00:00, Sys 0 00:00:00  -  Total Local Usage
	5945  -  Run Bytes Sent By Job
	9706  -  Run Bytes Received By Job
	5945  -  Total Bytes Sent By Job
	9706  -  Total Bytes Received By Job
	Partitionable Resources :    Usage  Request Allocated Assigned
	   Cpus                 :     1.95        4         4 
	   Disk (KB)            :    64          12      2057 
	   GPUs                 :     0.86        1         1 "GPU-8ce30a61"
	   GpusMemory (MB)      :  1383                       
	   Memory (MB)          :  1714       12000     12000 
	   TimeExecute (s)      :  1081                       
	   TimeSlotBusy (s)     :  1082                       

	Job terminated of its own accord at 2026-04-25T04:21:36Z with exit-code 0.
...
