000 (14999993.000.000) 04/25 06:00:07 Job submitted from host: <188.184.90.62:9618?addrs=188.184.90.62-9618+[2001-1458-201-e4--100-238]-9618&alias=bigbird16.cern.ch&noUDP&sock=schedd_5196_9a2f>
...
040 (14999993.000.000) 04/25 06:00:34 Started transferring input files
	Transferring to host: <188.185.92.87:9618?addrs=188.185.92.87-9618+[2001-1458-d00-6c--100-224]-9618&alias=b9g57n0001.cern.ch&noUDP&sock=slot1_1_2310997_32f1_29371>
...
040 (14999993.000.000) 04/25 06:00:34 Finished transferring input files
...
001 (14999993.000.000) 04/25 06:00:35 Job executing on host: <188.185.92.87:9618?addrs=188.185.92.87-9618+[2001-1458-d00-6c--100-224]-9618&alias=b9g57n0001.cern.ch&noUDP&sock=startd_2310956_2d6a>
	SlotName: slot1_1@b9g57n0001.cern.ch
	AvailableGPUs = { GPUs_GPU_668b0fca }
	CondorScratchDir = "/pool/condor/dir_2250543"
	Cpus = 4
	Disk = 2049
	GPUs = 1
	GPUs_GPU_668b0fca = [ Id = "GPU-668b0fca"; ClockMhz = 1410.0; Capability = 8.0; CoresPerCU = 64; DeviceName = "NVIDIA A100-PCIE-40GB"; DeviceUuid = "668b0fca-0200-adbe-408a-934a241a644f"; ECCEnabled = true; ComputeUnits = 108; DriverVersion = 13.0; DevicePciBusId = "0000:06:00.0"; GlobalMemoryMb = 40441; MaxSupportedVersion = 13000 ]
	Memory = 12000
...
006 (14999993.000.000) 04/25 06:00:49 Image size of job updated: 163364
	160  -  MemoryUsage of job (MB)
	163364  -  ResidentSetSize of job (KB)
...
006 (14999993.000.000) 04/25 06:05:50 Image size of job updated: 1824316
	1767  -  MemoryUsage of job (MB)
	1808772  -  ResidentSetSize of job (KB)
...
006 (14999993.000.000) 04/25 06:10:22 Image size of job updated: 1827056
	1767  -  MemoryUsage of job (MB)
	1808772  -  ResidentSetSize of job (KB)
...
040 (14999993.000.000) 04/25 06:10:22 Started transferring output files
...
040 (14999993.000.000) 04/25 06:10:22 Finished transferring output files
...
005 (14999993.000.000) 04/25 06:10:22 Job terminated.
	(1) Normal termination (return value 0)
		Usr 0 00:19:59, Sys 0 00:05:45  -  Run Remote Usage
		Usr 0 00:00:00, Sys 0 00:00:00  -  Run Local Usage
		Usr 0 00:19:59, Sys 0 00:05:45  -  Total Remote Usage
		Usr 0 00:00:00, Sys 0 00:00:00  -  Total Local Usage
	8896  -  Run Bytes Sent By Job
	9706  -  Run Bytes Received By Job
	8896  -  Total Bytes Sent By Job
	9706  -  Total Bytes Received By Job
	Partitionable Resources :    Usage  Request Allocated Assigned
	   Cpus                 :     3.20        4         4 
	   Disk (KB)            :    67          12      2049 
	   GPUs                 :     0.47        1         1 "GPU-668b0fca"
	   GpusMemory (MB)      :  2034                       
	   Memory (MB)          :  1767       12000     12000 
	   TimeExecute (s)      :   587                       
	   TimeSlotBusy (s)     :   589                       

	Job terminated of its own accord at 2026-04-25T04:10:22Z with exit-code 0.
...
