000 (14999986.000.000) 04/25 05:11:51 Job submitted from host: <188.184.90.62:9618?addrs=188.184.90.62-9618+[2001-1458-201-e4--100-238]-9618&alias=bigbird16.cern.ch&noUDP&sock=schedd_5196_9a2f>
...
040 (14999986.000.000) 04/25 05:12:32 Started transferring input files
	Transferring to host: <128.142.241.58:9618?addrs=128.142.241.58-9618+[2001-1458-301-ce--100-234]-9618&alias=b9g47n6149.cern.ch&noUDP&sock=slot1_1_2002194_8cc4_356>
...
040 (14999986.000.000) 04/25 05:12:32 Finished transferring input files
...
001 (14999986.000.000) 04/25 05:12:33 Job executing on host: <128.142.241.58:9618?addrs=128.142.241.58-9618+[2001-1458-301-ce--100-234]-9618&alias=b9g47n6149.cern.ch&noUDP&sock=startd_2002154_b0c1>
	SlotName: slot1_1@b9g47n6149.cern.ch
	AvailableGPUs = { GPUs_GPU_22078a43 }
	CondorScratchDir = "/pool/condor/dir_2074771"
	Cpus = 4
	Disk = 2048
	GPUs = 1
	GPUs_GPU_22078a43 = [ Id = "GPU-22078a43"; ClockMhz = 1380.0; Capability = 7.0; CoresPerCU = 64; DeviceName = "Tesla V100-PCIE-32GB"; DeviceUuid = "22078a43-fa34-29c6-28ab-7b837578b127"; ECCEnabled = true; ComputeUnits = 80; DriverVersion = 13.0; DevicePciBusId = "0000:07:00.0"; GlobalMemoryMb = 32494; MaxSupportedVersion = 13000 ]
	Memory = 12000
...
006 (14999986.000.000) 04/25 05:12:47 Image size of job updated: 11556
	12  -  MemoryUsage of job (MB)
	11556  -  ResidentSetSize of job (KB)
...
006 (14999986.000.000) 04/25 05:13:56 Image size of job updated: 928100
	12  -  MemoryUsage of job (MB)
	11556  -  ResidentSetSize of job (KB)
...
040 (14999986.000.000) 04/25 05:13:56 Started transferring output files
...
040 (14999986.000.000) 04/25 05:13:56 Finished transferring output files
...
005 (14999986.000.000) 04/25 05:13:56 Job terminated.
	(1) Normal termination (return value 1)
		Usr 0 00:00:08, Sys 0 00:00:07  -  Run Remote Usage
		Usr 0 00:00:00, Sys 0 00:00:00  -  Run Local Usage
		Usr 0 00:00:08, Sys 0 00:00:07  -  Total Remote Usage
		Usr 0 00:00:00, Sys 0 00:00:00  -  Total Local Usage
	2792  -  Run Bytes Sent By Job
	9253  -  Run Bytes Received By Job
	2792  -  Total Bytes Sent By Job
	9253  -  Total Bytes Received By Job
	Partitionable Resources :    Usage  Request Allocated Assigned
	   Cpus                 :     0.21        4         4 
	   Disk (KB)            :    61          12      2048 
	   GPUs                 :     0.00        1         1 "GPU-22078a43"
	   GpusMemory (MB)      :   608                       
	   Memory (MB)          :    12       12000     12000 
	   TimeExecute (s)      :    83                       
	   TimeSlotBusy (s)     :    85                       

	Job terminated of its own accord at 2026-04-25T03:13:56Z with exit-code 1.
...
