# -------------------------
Cluster: 15000015;CONDOR_PROC=0   Process: None
# -------------------------
# Hyperparameters
# -------------------------
n_transforms        : 2
n_splines_bins      : 40
aux_nodes           : 256
aux_layers          : 2
n_passes_flow       : 2
initial_lr          : 0.003
scheduler_patience  : 5
early_stop_patience : 15
batch_size          : 32768
weight_decay        : 1e-05
max_epoch_number    : 250
z_width             : 20
conditions_dim      : 9
Epoch 000 | Train loss: 125.094881 | Val loss: 55.051124 | epoch time: 2.88s
Epoch 001 | Train loss: 43.508645 | Val loss: 32.935256 | epoch time: 2.70s
Epoch 002 | Train loss: 31.066648 | Val loss: 27.164280 | epoch time: 2.86s
Epoch 003 | Train loss: 26.513430 | Val loss: 25.313384 | epoch time: 2.51s
Epoch 004 | Train loss: 25.068317 | Val loss: 24.817154 | epoch time: 2.57s
Epoch 005 | Train loss: 24.297928 | Val loss: 23.566161 | epoch time: 2.51s
Epoch 006 | Train loss: 23.349218 | Val loss: 22.979133 | epoch time: 2.55s
Epoch 007 | Train loss: 23.112936 | Val loss: 22.855314 | epoch time: 2.43s
Epoch 008 | Train loss: 22.825184 | Val loss: 23.175025 | epoch time: 2.73s
Epoch 009 | Train loss: 22.736793 | Val loss: 22.283433 | epoch time: 2.49s
Epoch 010 | Train loss: 22.195886 | Val loss: 21.800681 | epoch time: 2.74s
Epoch 011 | Train loss: 21.488597 | Val loss: 21.611166 | epoch time: 2.56s
Epoch 012 | Train loss: 21.195574 | Val loss: 21.209029 | epoch time: 2.85s
Epoch 013 | Train loss: 20.656886 | Val loss: 20.478325 | epoch time: 2.52s
Epoch 014 | Train loss: 20.155713 | Val loss: 19.816097 | epoch time: 2.47s
Epoch 015 | Train loss: 19.689491 | Val loss: 18.892598 | epoch time: 2.34s
Epoch 016 | Train loss: 19.309571 | Val loss: 19.685810 | epoch time: 2.45s
Epoch 017 | Train loss: 19.393166 | Val loss: 19.029043 | epoch time: 2.45s
Epoch 018 | Train loss: 18.774277 | Val loss: 18.573114 | epoch time: 2.67s
Epoch 019 | Train loss: 18.342188 | Val loss: 18.128878 | epoch time: 2.64s
Epoch 020 | Train loss: 18.235108 | Val loss: 17.862464 | epoch time: 2.72s
Epoch 021 | Train loss: 19.270430 | Val loss: 19.045336 | epoch time: 2.66s
Epoch 022 | Train loss: 18.571883 | Val loss: 18.156372 | epoch time: 2.53s
Epoch 023 | Train loss: 18.165840 | Val loss: 17.617604 | epoch time: 2.84s
Epoch 024 | Train loss: 17.689833 | Val loss: 17.684733 | epoch time: 2.60s
Epoch 025 | Train loss: 17.442226 | Val loss: 17.159204 | epoch time: 2.83s
Epoch 026 | Train loss: 17.395438 | Val loss: 17.327595 | epoch time: 2.57s
Epoch 027 | Train loss: 17.316030 | Val loss: 17.207513 | epoch time: 2.47s
Epoch 028 | Train loss: 17.232643 | Val loss: 16.802317 | epoch time: 2.43s
Epoch 029 | Train loss: 17.193988 | Val loss: 16.585538 | epoch time: 2.59s
Epoch 030 | Train loss: 17.104469 | Val loss: 16.641253 | epoch time: 2.62s
Epoch 031 | Train loss: 16.722362 | Val loss: 16.941423 | epoch time: 2.67s
Epoch 032 | Train loss: 16.707403 | Val loss: 16.897183 | epoch time: 2.53s
Epoch 033 | Train loss: 16.546939 | Val loss: 16.203565 | epoch time: 2.80s
Epoch 034 | Train loss: 16.222118 | Val loss: 16.609011 | epoch time: 2.60s
Epoch 035 | Train loss: 16.505335 | Val loss: 16.056538 | epoch time: 2.47s
Epoch 036 | Train loss: 16.228680 | Val loss: 15.877576 | epoch time: 2.45s
Epoch 037 | Train loss: 15.906012 | Val loss: 16.219402 | epoch time: 2.58s
Epoch 038 | Train loss: 16.132332 | Val loss: 16.566248 | epoch time: 2.57s
Epoch 039 | Train loss: 16.107713 | Val loss: 15.823893 | epoch time: 2.78s
Epoch 040 | Train loss: 15.876582 | Val loss: 16.370105 | epoch time: 2.70s
Epoch 041 | Train loss: 16.151104 | Val loss: 15.863987 | epoch time: 2.51s
Epoch 042 | Train loss: 15.644482 | Val loss: 15.274082 | epoch time: 2.63s
Epoch 043 | Train loss: 15.309524 | Val loss: 15.452722 | epoch time: 2.77s
Epoch 044 | Train loss: 15.365949 | Val loss: 15.406087 | epoch time: 2.59s
Epoch 045 | Train loss: 15.228663 | Val loss: 15.497117 | epoch time: 2.72s
Epoch 046 | Train loss: 15.293938 | Val loss: 14.918864 | epoch time: 2.68s
Epoch 047 | Train loss: 14.948728 | Val loss: 15.397850 | epoch time: 2.63s
Epoch 048 | Train loss: 15.343690 | Val loss: 15.836721 | epoch time: 2.74s
Epoch 049 | Train loss: 15.345581 | Val loss: 14.972366 | epoch time: 2.52s
Epoch 050 | Train loss: 14.878032 | Val loss: 15.674633 | epoch time: 2.77s
Epoch 051 | Train loss: 15.420909 | Val loss: 15.121018 | epoch time: 2.44s
Epoch 052 | Train loss: 14.944739 | Val loss: 14.910241 | epoch time: 2.48s
Epoch 053 | Train loss: 14.713223 | Val loss: 14.671712 | epoch time: 2.41s
Epoch 054 | Train loss: 14.558988 | Val loss: 14.484845 | epoch time: 2.57s
Epoch 055 | Train loss: 14.481471 | Val loss: 14.396289 | epoch time: 2.59s
Epoch 056 | Train loss: 14.385809 | Val loss: 14.197598 | epoch time: 2.53s
Epoch 057 | Train loss: 14.387326 | Val loss: 15.193794 | epoch time: 2.56s
Epoch 058 | Train loss: 14.698846 | Val loss: 14.856390 | epoch time: 2.47s
Epoch 059 | Train loss: 14.508844 | Val loss: 14.669502 | epoch time: 2.73s
Epoch 060 | Train loss: 14.408808 | Val loss: 14.288616 | epoch time: 2.54s
Epoch 061 | Train loss: 14.082122 | Val loss: 14.396492 | epoch time: 2.69s
Epoch 062 | Train loss: 14.206133 | Val loss: 13.861389 | epoch time: 2.55s
Epoch 063 | Train loss: 14.700359 | Val loss: 15.505207 | epoch time: 2.56s
Epoch 064 | Train loss: 14.799448 | Val loss: 15.137261 | epoch time: 2.46s
Epoch 065 | Train loss: 14.549001 | Val loss: 13.999487 | epoch time: 2.52s
Epoch 066 | Train loss: 14.089178 | Val loss: 14.267639 | epoch time: 2.54s
Epoch 067 | Train loss: 14.000214 | Val loss: 14.117074 | epoch time: 2.55s
Epoch 068 | Train loss: 13.889050 | Val loss: 14.121880 | epoch time: 2.46s
Epoch 069 | Train loss: 13.590593 | Val loss: 13.337775 | epoch time: 2.57s
Epoch 070 | Train loss: 13.207476 | Val loss: 13.249329 | epoch time: 2.43s
Epoch 071 | Train loss: 13.104925 | Val loss: 13.263562 | epoch time: 2.49s
Epoch 072 | Train loss: 13.053139 | Val loss: 12.991883 | epoch time: 2.74s
Epoch 073 | Train loss: 13.126637 | Val loss: 13.114235 | epoch time: 2.48s
Epoch 074 | Train loss: 12.888747 | Val loss: 12.987720 | epoch time: 2.65s
Epoch 075 | Train loss: 12.866538 | Val loss: 13.003571 | epoch time: 2.50s
Epoch 076 | Train loss: 12.757624 | Val loss: 12.913412 | epoch time: 2.79s
Epoch 077 | Train loss: 12.840181 | Val loss: 12.881055 | epoch time: 2.56s
Epoch 078 | Train loss: 12.751722 | Val loss: 12.722363 | epoch time: 2.54s
Epoch 079 | Train loss: 12.632477 | Val loss: 12.845988 | epoch time: 2.59s
Epoch 080 | Train loss: 12.594345 | Val loss: 12.628048 | epoch time: 2.72s
Epoch 081 | Train loss: 12.647718 | Val loss: 12.776971 | epoch time: 2.60s
Epoch 082 | Train loss: 12.556999 | Val loss: 13.001316 | epoch time: 2.72s
Epoch 083 | Train loss: 12.792300 | Val loss: 12.751330 | epoch time: 2.85s
Epoch 084 | Train loss: 12.989030 | Val loss: 12.749504 | epoch time: 2.64s
Epoch 085 | Train loss: 12.834039 | Val loss: 12.737133 | epoch time: 2.79s
Epoch 086 | Train loss: 12.766727 | Val loss: 12.859694 | epoch time: 2.56s
Epoch 087 | Train loss: 12.533493 | Val loss: 12.541722 | epoch time: 2.70s
Epoch 088 | Train loss: 12.399217 | Val loss: 12.564484 | epoch time: 2.54s
Epoch 089 | Train loss: 12.320752 | Val loss: 12.533353 | epoch time: 2.74s
Epoch 090 | Train loss: 12.279678 | Val loss: 12.599184 | epoch time: 2.62s
Epoch 091 | Train loss: 12.266900 | Val loss: 12.387537 | epoch time: 2.69s
Epoch 092 | Train loss: 12.259266 | Val loss: 12.424625 | epoch time: 2.42s
Epoch 093 | Train loss: 12.341094 | Val loss: 12.330696 | epoch time: 2.50s
Epoch 094 | Train loss: 12.345209 | Val loss: 12.353474 | epoch time: 2.42s
Epoch 095 | Train loss: 12.289754 | Val loss: 12.359271 | epoch time: 2.42s
Epoch 096 | Train loss: 12.231020 | Val loss: 12.258813 | epoch time: 2.39s
Epoch 097 | Train loss: 12.226412 | Val loss: 12.302370 | epoch time: 2.57s
Epoch 098 | Train loss: 12.192152 | Val loss: 12.249059 | epoch time: 2.35s
Epoch 099 | Train loss: 12.181009 | Val loss: 12.243712 | epoch time: 2.46s
Epoch 100 | Train loss: 12.194818 | Val loss: 12.327696 | epoch time: 2.72s
Epoch 101 | Train loss: 12.261923 | Val loss: 12.564945 | epoch time: 2.45s
Epoch 102 | Train loss: 12.160571 | Val loss: 12.337859 | epoch time: 2.70s
Epoch 103 | Train loss: 12.148557 | Val loss: 12.279988 | epoch time: 2.43s
Epoch 104 | Train loss: 12.110581 | Val loss: 12.358616 | epoch time: 2.64s
Epoch 105 | Train loss: 12.092188 | Val loss: 12.428369 | epoch time: 2.57s
Epoch 106 | Train loss: 12.079577 | Val loss: 12.338866 | epoch time: 2.62s
Epoch 107 | Train loss: 12.046696 | Val loss: 12.332643 | epoch time: 2.51s
Epoch 108 | Train loss: 12.035522 | Val loss: 12.335842 | epoch time: 2.67s
Epoch 109 | Train loss: 12.014467 | Val loss: 12.354410 | epoch time: 2.40s
Epoch 110 | Train loss: 12.003174 | Val loss: 12.381372 | epoch time: 2.77s
Epoch 111 | Train loss: 12.002985 | Val loss: 12.426599 | epoch time: 2.71s
Epoch 112 | Train loss: 11.986743 | Val loss: 12.333673 | epoch time: 2.43s
Epoch 113 | Train loss: 11.975734 | Val loss: 12.305022 | epoch time: 2.61s
Epoch 114 | Train loss: 11.970967 | Val loss: 12.349354 | epoch time: 2.65s
Stopping. Best val: 12.243712 at epoch 99
