# -------------------------
Cluster: 15000001;CONDOR_PROC=0   Process: unknown
# -------------------------
# Hyperparameters
# -------------------------
n_transforms        : 3
n_splines_bins      : 24
aux_nodes           : 256
aux_layers          : 2
n_passes_flow       : 2
initial_lr          : 0.003
scheduler_patience  : 5
early_stop_patience : 15
batch_size          : 8192
weight_decay        : 1e-05
max_epoch_number    : 250
z_width             : 20
conditions_dim      : 9
Epoch 000 | Train loss: 81.345613 | Val loss: 32.629912 | epoch time: 3.29s
Epoch 001 | Train loss: 28.227309 | Val loss: 26.138734 | epoch time: 2.79s
Epoch 002 | Train loss: 24.018069 | Val loss: 23.080946 | epoch time: 3.21s
Epoch 003 | Train loss: 23.166531 | Val loss: 22.733773 | epoch time: 2.87s
Epoch 004 | Train loss: 22.063222 | Val loss: 21.357709 | epoch time: 3.10s
Epoch 005 | Train loss: 20.615617 | Val loss: 21.742479 | epoch time: 2.99s
Epoch 006 | Train loss: 20.397440 | Val loss: 19.724424 | epoch time: 3.07s
Epoch 007 | Train loss: 19.010263 | Val loss: 19.071790 | epoch time: 2.95s
Epoch 008 | Train loss: 18.420197 | Val loss: 18.324005 | epoch time: 2.97s
Epoch 009 | Train loss: 18.083635 | Val loss: 18.314968 | epoch time: 3.03s
Epoch 010 | Train loss: 17.688283 | Val loss: 17.309176 | epoch time: 2.95s
Epoch 011 | Train loss: 16.781172 | Val loss: 16.521192 | epoch time: 3.21s
Epoch 012 | Train loss: 16.643620 | Val loss: 16.051700 | epoch time: 3.14s
Epoch 013 | Train loss: 15.802876 | Val loss: 15.349044 | epoch time: 2.82s
Epoch 014 | Train loss: 15.281106 | Val loss: 15.812372 | epoch time: 3.09s
Epoch 015 | Train loss: 15.249234 | Val loss: 15.105389 | epoch time: 2.89s
Epoch 016 | Train loss: 14.685706 | Val loss: 14.679760 | epoch time: 2.83s
Epoch 017 | Train loss: 14.457152 | Val loss: 14.812340 | epoch time: 2.93s
Epoch 018 | Train loss: 14.505122 | Val loss: 15.077059 | epoch time: 2.92s
Epoch 019 | Train loss: 14.675496 | Val loss: 14.442268 | epoch time: 2.80s
Epoch 020 | Train loss: 13.957571 | Val loss: 14.686425 | epoch time: 3.05s
Epoch 021 | Train loss: 14.028870 | Val loss: 14.340247 | epoch time: 2.93s
Epoch 022 | Train loss: 13.621787 | Val loss: 13.703356 | epoch time: 2.93s
Epoch 023 | Train loss: 13.634480 | Val loss: 13.662378 | epoch time: 3.07s
Epoch 024 | Train loss: 13.189589 | Val loss: 13.642588 | epoch time: 2.94s
Epoch 025 | Train loss: 13.506384 | Val loss: 13.859306 | epoch time: 3.10s
Epoch 026 | Train loss: 13.012611 | Val loss: 12.891874 | epoch time: 3.06s
Epoch 027 | Train loss: 13.337421 | Val loss: 13.306308 | epoch time: 3.13s
Epoch 028 | Train loss: 13.535563 | Val loss: 13.920030 | epoch time: 2.83s
Epoch 029 | Train loss: 13.336339 | Val loss: 13.347558 | epoch time: 2.95s
Epoch 030 | Train loss: 13.204920 | Val loss: 12.784380 | epoch time: 2.96s
Epoch 031 | Train loss: 12.829724 | Val loss: 12.774116 | epoch time: 2.98s
Epoch 032 | Train loss: 12.616986 | Val loss: 13.036745 | epoch time: 2.84s
Epoch 033 | Train loss: 12.553769 | Val loss: 13.307337 | epoch time: 2.89s
Epoch 034 | Train loss: 12.473014 | Val loss: 12.670227 | epoch time: 2.93s
Epoch 035 | Train loss: 12.502340 | Val loss: 12.641684 | epoch time: 2.94s
Epoch 036 | Train loss: 12.497206 | Val loss: 12.604285 | epoch time: 3.06s
Epoch 037 | Train loss: 12.128503 | Val loss: 12.224421 | epoch time: 2.93s
Epoch 038 | Train loss: 12.563378 | Val loss: 12.424149 | epoch time: 3.01s
Epoch 039 | Train loss: 12.080656 | Val loss: 12.218160 | epoch time: 2.96s
Epoch 040 | Train loss: 11.842073 | Val loss: 12.332561 | epoch time: 2.85s
Epoch 041 | Train loss: 11.870221 | Val loss: 11.899217 | epoch time: 3.05s
Epoch 042 | Train loss: 11.777364 | Val loss: 11.889880 | epoch time: 2.85s
Epoch 043 | Train loss: 11.826663 | Val loss: 12.914637 | epoch time: 3.01s
Epoch 044 | Train loss: 11.978091 | Val loss: 12.386325 | epoch time: 2.99s
Epoch 045 | Train loss: 12.050639 | Val loss: 13.320646 | epoch time: 2.89s
Epoch 046 | Train loss: 12.290403 | Val loss: 12.061098 | epoch time: 2.84s
Epoch 047 | Train loss: 11.964359 | Val loss: 11.982473 | epoch time: 2.94s
Epoch 048 | Train loss: 11.522708 | Val loss: 11.806494 | epoch time: 2.81s
Epoch 049 | Train loss: 11.724091 | Val loss: 11.904815 | epoch time: 3.15s
Epoch 050 | Train loss: 11.533989 | Val loss: 11.675655 | epoch time: 3.06s
Epoch 051 | Train loss: 11.574939 | Val loss: 11.330873 | epoch time: 2.93s
Epoch 052 | Train loss: 11.260686 | Val loss: 11.935305 | epoch time: 3.05s
Epoch 053 | Train loss: 11.507671 | Val loss: 11.248682 | epoch time: 2.83s
Epoch 054 | Train loss: 11.047153 | Val loss: 11.467428 | epoch time: 3.07s
Epoch 055 | Train loss: 11.561303 | Val loss: 12.025451 | epoch time: 2.97s
Epoch 056 | Train loss: 11.002863 | Val loss: 10.781002 | epoch time: 2.99s
Epoch 057 | Train loss: 11.018620 | Val loss: 12.368093 | epoch time: 3.04s
Epoch 058 | Train loss: 11.592197 | Val loss: 11.625138 | epoch time: 2.92s
Epoch 059 | Train loss: 11.242983 | Val loss: 12.177842 | epoch time: 2.97s
Epoch 060 | Train loss: 11.649478 | Val loss: 11.384568 | epoch time: 2.88s
Epoch 061 | Train loss: 11.021848 | Val loss: 10.726031 | epoch time: 2.95s
Epoch 062 | Train loss: 11.162642 | Val loss: 11.862752 | epoch time: 2.89s
Epoch 063 | Train loss: 10.894024 | Val loss: 10.386471 | epoch time: 2.87s
Epoch 064 | Train loss: 10.644121 | Val loss: 11.026980 | epoch time: 2.91s
Epoch 065 | Train loss: 10.859168 | Val loss: 10.952766 | epoch time: 2.87s
Epoch 066 | Train loss: 10.658373 | Val loss: 11.051599 | epoch time: 2.88s
Epoch 067 | Train loss: 10.787755 | Val loss: 11.007751 | epoch time: 2.86s
Epoch 068 | Train loss: 10.840521 | Val loss: 11.437081 | epoch time: 3.02s
Epoch 069 | Train loss: 11.004757 | Val loss: 10.747568 | epoch time: 2.77s
Epoch 070 | Train loss: 9.818161 | Val loss: 9.807479 | epoch time: 2.84s
Epoch 071 | Train loss: 9.647236 | Val loss: 9.732956 | epoch time: 2.76s
Epoch 072 | Train loss: 9.455985 | Val loss: 9.615978 | epoch time: 2.84s
Epoch 073 | Train loss: 9.367449 | Val loss: 9.663339 | epoch time: 2.86s
Epoch 074 | Train loss: 9.294495 | Val loss: 9.636148 | epoch time: 3.02s
Epoch 075 | Train loss: 9.274814 | Val loss: 9.620128 | epoch time: 3.09s
Epoch 076 | Train loss: 9.265994 | Val loss: 9.253079 | epoch time: 2.97s
Epoch 077 | Train loss: 9.158103 | Val loss: 9.967713 | epoch time: 2.96s
Epoch 078 | Train loss: 9.291222 | Val loss: 9.726942 | epoch time: 2.94s
Epoch 079 | Train loss: 9.221309 | Val loss: 9.759116 | epoch time: 2.98s
Epoch 080 | Train loss: 9.021142 | Val loss: 9.409984 | epoch time: 2.94s
Epoch 081 | Train loss: 8.936581 | Val loss: 9.094564 | epoch time: 3.06s
Epoch 082 | Train loss: 9.074022 | Val loss: 9.674771 | epoch time: 2.85s
Epoch 083 | Train loss: 9.010516 | Val loss: 9.294881 | epoch time: 3.04s
Epoch 084 | Train loss: 9.406530 | Val loss: 9.667108 | epoch time: 2.98s
Epoch 085 | Train loss: 9.123202 | Val loss: 9.592936 | epoch time: 2.91s
Epoch 086 | Train loss: 9.010750 | Val loss: 9.111759 | epoch time: 2.90s
Epoch 087 | Train loss: 9.072482 | Val loss: 9.162412 | epoch time: 2.97s
Epoch 088 | Train loss: 8.748833 | Val loss: 8.959615 | epoch time: 2.93s
Epoch 089 | Train loss: 8.639405 | Val loss: 9.039350 | epoch time: 3.04s
Epoch 090 | Train loss: 8.650495 | Val loss: 8.863116 | epoch time: 3.01s
Epoch 091 | Train loss: 8.653009 | Val loss: 8.867290 | epoch time: 2.92s
Epoch 092 | Train loss: 8.561488 | Val loss: 8.899437 | epoch time: 2.93s
Epoch 093 | Train loss: 8.562947 | Val loss: 8.762638 | epoch time: 3.08s
Epoch 094 | Train loss: 8.523571 | Val loss: 8.963827 | epoch time: 2.91s
Epoch 095 | Train loss: 8.516401 | Val loss: 8.856638 | epoch time: 2.96s
Epoch 096 | Train loss: 8.470851 | Val loss: 8.906502 | epoch time: 2.83s
Epoch 097 | Train loss: 8.456869 | Val loss: 8.900419 | epoch time: 3.05s
Epoch 098 | Train loss: 8.500172 | Val loss: 8.880863 | epoch time: 2.83s
Epoch 099 | Train loss: 8.448268 | Val loss: 8.858941 | epoch time: 2.93s
Epoch 100 | Train loss: 8.409863 | Val loss: 8.910870 | epoch time: 2.89s
Epoch 101 | Train loss: 8.390697 | Val loss: 8.816145 | epoch time: 2.92s
Epoch 102 | Train loss: 8.381570 | Val loss: 8.830115 | epoch time: 2.90s
Epoch 103 | Train loss: 8.383952 | Val loss: 8.828906 | epoch time: 2.87s
Epoch 104 | Train loss: 8.382082 | Val loss: 8.834248 | epoch time: 2.90s
Epoch 105 | Train loss: 8.390103 | Val loss: 8.786071 | epoch time: 3.03s
Epoch 106 | Train loss: 8.360538 | Val loss: 8.839532 | epoch time: 3.04s
Epoch 107 | Train loss: 8.342232 | Val loss: 8.871994 | epoch time: 3.00s
Epoch 108 | Train loss: 8.340468 | Val loss: 8.843722 | epoch time: 3.01s
Stopping. Best val: 8.762638 at epoch 93
