# -------------------------
Cluster: 14999994;CONDOR_PROC=0   Process: unknown
# -------------------------
# Hyperparameters
# -------------------------
n_transforms        : 2
n_splines_bins      : 50
aux_nodes           : 256
aux_layers          : 2
n_passes_flow       : 2
initial_lr          : 0.003
scheduler_patience  : 5
early_stop_patience : 15
batch_size          : 8192
weight_decay        : 1e-05
max_epoch_number    : 250
z_width             : 20
conditions_dim      : 9
Epoch 000 | Train loss: 57.040039 | Val loss: 26.945446 | epoch time: 3.03s
Epoch 001 | Train loss: 24.959074 | Val loss: 23.694706 | epoch time: 2.29s
Epoch 002 | Train loss: 22.712775 | Val loss: 23.095953 | epoch time: 2.49s
Epoch 003 | Train loss: 21.589019 | Val loss: 20.668773 | epoch time: 2.28s
Epoch 004 | Train loss: 20.157909 | Val loss: 19.110100 | epoch time: 2.56s
Epoch 005 | Train loss: 19.665062 | Val loss: 18.759743 | epoch time: 2.48s
Epoch 006 | Train loss: 18.577228 | Val loss: 18.296792 | epoch time: 2.55s
Epoch 007 | Train loss: 18.208849 | Val loss: 18.746149 | epoch time: 2.47s
Epoch 008 | Train loss: 17.969703 | Val loss: 17.683707 | epoch time: 2.47s
Epoch 009 | Train loss: 17.245562 | Val loss: 17.295076 | epoch time: 2.50s
Epoch 010 | Train loss: 16.858352 | Val loss: 16.612052 | epoch time: 2.54s
Epoch 011 | Train loss: 16.433044 | Val loss: 16.223894 | epoch time: 2.49s
Epoch 012 | Train loss: 15.883546 | Val loss: 16.293257 | epoch time: 2.52s
Epoch 013 | Train loss: 15.835625 | Val loss: 15.511310 | epoch time: 2.35s
Epoch 014 | Train loss: 15.448190 | Val loss: 15.704963 | epoch time: 2.52s
Epoch 015 | Train loss: 15.322672 | Val loss: 15.551636 | epoch time: 2.32s
Epoch 016 | Train loss: 14.925290 | Val loss: 15.119620 | epoch time: 2.46s
Epoch 017 | Train loss: 14.683082 | Val loss: 14.862494 | epoch time: 2.44s
Epoch 018 | Train loss: 14.562797 | Val loss: 14.163957 | epoch time: 2.57s
Epoch 019 | Train loss: 14.409006 | Val loss: 14.348305 | epoch time: 2.35s
Epoch 020 | Train loss: 14.156629 | Val loss: 13.804695 | epoch time: 2.49s
Epoch 021 | Train loss: 14.156680 | Val loss: 14.471442 | epoch time: 2.57s
Epoch 022 | Train loss: 14.026564 | Val loss: 14.039753 | epoch time: 2.48s
Epoch 023 | Train loss: 14.094468 | Val loss: 14.278428 | epoch time: 2.67s
Epoch 024 | Train loss: 14.451898 | Val loss: 13.816172 | epoch time: 2.45s
Epoch 025 | Train loss: 13.639950 | Val loss: 14.002828 | epoch time: 2.62s
Epoch 026 | Train loss: 13.550238 | Val loss: 13.569319 | epoch time: 2.45s
Epoch 027 | Train loss: 13.596692 | Val loss: 14.321163 | epoch time: 2.46s
Epoch 028 | Train loss: 13.418776 | Val loss: 13.661795 | epoch time: 2.37s
Epoch 029 | Train loss: 13.648739 | Val loss: 13.385495 | epoch time: 2.50s
Epoch 030 | Train loss: 13.130870 | Val loss: 14.035699 | epoch time: 2.51s
Epoch 031 | Train loss: 13.358407 | Val loss: 13.708467 | epoch time: 2.53s
Epoch 032 | Train loss: 13.190902 | Val loss: 12.955037 | epoch time: 2.44s
Epoch 033 | Train loss: 12.895849 | Val loss: 13.374219 | epoch time: 2.40s
Epoch 034 | Train loss: 13.213268 | Val loss: 13.178544 | epoch time: 2.44s
Epoch 035 | Train loss: 13.098823 | Val loss: 13.125409 | epoch time: 2.42s
Epoch 036 | Train loss: 12.801404 | Val loss: 12.970667 | epoch time: 2.44s
Epoch 037 | Train loss: 12.727074 | Val loss: 13.053131 | epoch time: 2.46s
Epoch 038 | Train loss: 12.506624 | Val loss: 12.334826 | epoch time: 2.40s
Epoch 039 | Train loss: 12.436951 | Val loss: 12.542974 | epoch time: 2.49s
Epoch 040 | Train loss: 12.618082 | Val loss: 12.636615 | epoch time: 2.34s
Epoch 041 | Train loss: 12.343537 | Val loss: 13.056211 | epoch time: 2.49s
Epoch 042 | Train loss: 12.589669 | Val loss: 13.547037 | epoch time: 2.38s
Epoch 043 | Train loss: 12.655796 | Val loss: 12.040611 | epoch time: 2.53s
Epoch 044 | Train loss: 12.542450 | Val loss: 13.103577 | epoch time: 2.37s
Epoch 045 | Train loss: 12.369932 | Val loss: 11.961945 | epoch time: 2.52s
Epoch 046 | Train loss: 12.170754 | Val loss: 12.196742 | epoch time: 2.32s
Epoch 047 | Train loss: 12.022143 | Val loss: 13.541257 | epoch time: 2.42s
Epoch 048 | Train loss: 12.765945 | Val loss: 12.493825 | epoch time: 2.32s
Epoch 049 | Train loss: 12.228015 | Val loss: 12.779294 | epoch time: 2.48s
Epoch 050 | Train loss: 12.139352 | Val loss: 12.012891 | epoch time: 2.52s
Epoch 051 | Train loss: 12.062355 | Val loss: 12.891190 | epoch time: 2.37s
Epoch 052 | Train loss: 11.535774 | Val loss: 11.263476 | epoch time: 2.47s
Epoch 053 | Train loss: 10.946092 | Val loss: 11.145285 | epoch time: 2.32s
Epoch 054 | Train loss: 10.918063 | Val loss: 11.276326 | epoch time: 2.55s
Epoch 055 | Train loss: 10.854702 | Val loss: 10.915200 | epoch time: 2.40s
Epoch 056 | Train loss: 10.749648 | Val loss: 11.059593 | epoch time: 2.48s
Epoch 057 | Train loss: 10.704922 | Val loss: 10.877319 | epoch time: 2.55s
Epoch 058 | Train loss: 10.821363 | Val loss: 10.864872 | epoch time: 2.48s
Epoch 059 | Train loss: 10.630268 | Val loss: 10.874217 | epoch time: 2.44s
Epoch 060 | Train loss: 10.596565 | Val loss: 10.770795 | epoch time: 2.41s
Epoch 061 | Train loss: 10.527051 | Val loss: 10.747703 | epoch time: 2.48s
Epoch 062 | Train loss: 10.522124 | Val loss: 10.738938 | epoch time: 2.49s
Epoch 063 | Train loss: 10.435704 | Val loss: 10.679762 | epoch time: 2.44s
Epoch 064 | Train loss: 10.425529 | Val loss: 10.851977 | epoch time: 2.46s
Epoch 065 | Train loss: 10.430094 | Val loss: 10.447965 | epoch time: 2.53s
Epoch 066 | Train loss: 10.471906 | Val loss: 11.061668 | epoch time: 2.41s
Epoch 067 | Train loss: 10.646653 | Val loss: 10.548179 | epoch time: 2.34s
Epoch 068 | Train loss: 10.298508 | Val loss: 10.418327 | epoch time: 2.49s
Epoch 069 | Train loss: 10.310704 | Val loss: 11.307019 | epoch time: 2.32s
Epoch 070 | Train loss: 10.685709 | Val loss: 10.724807 | epoch time: 2.52s
Epoch 071 | Train loss: 10.378884 | Val loss: 10.484410 | epoch time: 2.36s
Epoch 072 | Train loss: 10.219381 | Val loss: 10.369941 | epoch time: 2.44s
Epoch 073 | Train loss: 10.098573 | Val loss: 10.397612 | epoch time: 2.41s
Epoch 074 | Train loss: 10.125239 | Val loss: 10.306921 | epoch time: 2.52s
Epoch 075 | Train loss: 10.144569 | Val loss: 10.682943 | epoch time: 2.44s
Epoch 076 | Train loss: 10.210829 | Val loss: 10.746640 | epoch time: 2.47s
Epoch 077 | Train loss: 10.189700 | Val loss: 10.264585 | epoch time: 2.45s
Epoch 078 | Train loss: 10.062547 | Val loss: 10.104185 | epoch time: 2.44s
Epoch 079 | Train loss: 10.086768 | Val loss: 10.569686 | epoch time: 2.56s
Epoch 080 | Train loss: 10.038856 | Val loss: 10.563225 | epoch time: 2.56s
Epoch 081 | Train loss: 10.261537 | Val loss: 10.895288 | epoch time: 2.55s
Epoch 082 | Train loss: 10.677080 | Val loss: 10.669868 | epoch time: 2.39s
Epoch 083 | Train loss: 10.295276 | Val loss: 10.496915 | epoch time: 2.53s
Epoch 084 | Train loss: 10.270173 | Val loss: 10.627553 | epoch time: 2.56s
Epoch 085 | Train loss: 9.966950 | Val loss: 10.146036 | epoch time: 2.46s
Epoch 086 | Train loss: 9.811467 | Val loss: 10.097819 | epoch time: 2.42s
Epoch 087 | Train loss: 9.763710 | Val loss: 9.941209 | epoch time: 2.50s
Epoch 088 | Train loss: 9.730309 | Val loss: 10.007970 | epoch time: 2.48s
Epoch 089 | Train loss: 9.702426 | Val loss: 10.027320 | epoch time: 2.64s
Epoch 090 | Train loss: 9.678167 | Val loss: 9.881289 | epoch time: 2.51s
Epoch 091 | Train loss: 9.662859 | Val loss: 9.854637 | epoch time: 2.52s
Epoch 092 | Train loss: 9.664805 | Val loss: 9.910671 | epoch time: 2.47s
Epoch 093 | Train loss: 9.700787 | Val loss: 10.190684 | epoch time: 2.63s
Epoch 094 | Train loss: 9.648143 | Val loss: 9.967027 | epoch time: 2.46s
Epoch 095 | Train loss: 9.648200 | Val loss: 9.855578 | epoch time: 2.51s
Epoch 096 | Train loss: 9.640423 | Val loss: 9.881645 | epoch time: 2.32s
Epoch 097 | Train loss: 9.637786 | Val loss: 10.035677 | epoch time: 2.48s
Epoch 098 | Train loss: 9.542810 | Val loss: 9.751275 | epoch time: 2.37s
Epoch 099 | Train loss: 9.485625 | Val loss: 9.763739 | epoch time: 2.47s
Epoch 100 | Train loss: 9.467334 | Val loss: 9.823856 | epoch time: 2.38s
Epoch 101 | Train loss: 9.459721 | Val loss: 9.852781 | epoch time: 2.44s
Epoch 102 | Train loss: 9.458948 | Val loss: 9.831799 | epoch time: 2.35s
Epoch 103 | Train loss: 9.443139 | Val loss: 9.810812 | epoch time: 2.47s
Epoch 104 | Train loss: 9.430528 | Val loss: 9.725937 | epoch time: 2.40s
Epoch 105 | Train loss: 9.421579 | Val loss: 9.766744 | epoch time: 2.44s
Epoch 106 | Train loss: 9.430116 | Val loss: 9.726814 | epoch time: 2.47s
Epoch 107 | Train loss: 9.414733 | Val loss: 9.838303 | epoch time: 2.58s
Epoch 108 | Train loss: 9.423265 | Val loss: 9.793528 | epoch time: 2.55s
Epoch 109 | Train loss: 9.393464 | Val loss: 9.791119 | epoch time: 2.35s
Epoch 110 | Train loss: 9.387787 | Val loss: 9.762028 | epoch time: 2.51s
Epoch 111 | Train loss: 9.356365 | Val loss: 9.736516 | epoch time: 2.37s
Epoch 112 | Train loss: 9.348012 | Val loss: 9.722769 | epoch time: 2.53s
Epoch 113 | Train loss: 9.345259 | Val loss: 9.710780 | epoch time: 2.44s
Epoch 114 | Train loss: 9.340210 | Val loss: 9.764120 | epoch time: 2.45s
Epoch 115 | Train loss: 9.333207 | Val loss: 9.749739 | epoch time: 2.56s
Epoch 116 | Train loss: 9.332374 | Val loss: 9.748170 | epoch time: 2.45s
Epoch 117 | Train loss: 9.327718 | Val loss: 9.743703 | epoch time: 2.51s
Epoch 118 | Train loss: 9.325778 | Val loss: 9.740639 | epoch time: 2.52s
Epoch 119 | Train loss: 9.319468 | Val loss: 9.793078 | epoch time: 2.49s
Epoch 120 | Train loss: 9.315735 | Val loss: 9.761529 | epoch time: 2.46s
Epoch 121 | Train loss: 9.308775 | Val loss: 9.732317 | epoch time: 2.44s
Epoch 122 | Train loss: 9.307310 | Val loss: 9.761622 | epoch time: 2.55s
Epoch 123 | Train loss: 9.305490 | Val loss: 9.743156 | epoch time: 2.32s
Epoch 124 | Train loss: 9.302993 | Val loss: 9.760304 | epoch time: 2.53s
Epoch 125 | Train loss: 9.302872 | Val loss: 9.729112 | epoch time: 2.43s
Epoch 126 | Train loss: 9.298896 | Val loss: 9.734505 | epoch time: 2.46s
Epoch 127 | Train loss: 9.297726 | Val loss: 9.738944 | epoch time: 2.41s
Epoch 128 | Train loss: 9.296735 | Val loss: 9.745295 | epoch time: 2.43s
Stopping. Best val: 9.710780 at epoch 113
