/pool/condor/dir_2074771/run_train.sh: line 8: cd: /afs/cern.ch/user/m/mbaessler/flow_trainer: No such file or directory
/cvmfs/sft.cern.ch/lcg/views/LCG_109_cuda/x86_64-el9-gcc13-opt/lib/python3.13/site-packages/torch/cuda/__init__.py:435: UserWarning: 
    Found GPU0 Tesla V100-PCIE-32GB which is of cuda capability 7.0.
    Minimum and Maximum cuda capability supported by this version of PyTorch is
    (7.5) - (9.0)
    
  queued_call()
/cvmfs/sft.cern.ch/lcg/views/LCG_109_cuda/x86_64-el9-gcc13-opt/lib/python3.13/site-packages/torch/cuda/__init__.py:435: UserWarning: 
    Please install PyTorch with a following CUDA
    configurations:  12.6 12.8 following instructions at
    https://pytorch.org/get-started/locally/
    
  queued_call()
Traceback (most recent call last):
  File "/pool/condor/dir_2074771/train_flow.py", line 151, in <module>
    main()
    ~~~~^^
  File "/pool/condor/dir_2074771/train_flow.py", line 78, in main
    loss, numerator, denominator = train_step(inputs, ctx, weights)
                                   ~~~~~~~~~~^^^^^^^^^^^^^^^^^^^^^^
  File "/pool/condor/dir_2074771/train_flow.py", line 52, in train_step
    joint_logp = joint_dist.log_prob(inputs)
  File "/afs/cern.ch/user/m/mbaessle/flow_trainer/zuko_dump/zuko/distributions.py", line 116, in log_prob
    z, ladj = self.transform.call_and_ladj(x)
              ~~~~~~~~~~~~~~~~~~~~~~~~~~~~^^^
  File "/afs/cern.ch/user/m/mbaessle/flow_trainer/zuko_dump/zuko/transforms.py", line 146, in call_and_ladj
    x, ladj = t.call_and_ladj(x)
              ~~~~~~~~~~~~~~~^^^
  File "/afs/cern.ch/user/m/mbaessle/flow_trainer/zuko_dump/zuko/transforms.py", line 1006, in call_and_ladj
    y, ladj = self.meta(x).call_and_ladj(x)
              ~~~~~~~~~^^^
  File "/afs/cern.ch/user/m/mbaessle/flow_trainer/zuko_dump/zuko/flows/autoregressive.py", line 209, in meta
    x = torch.cat(broadcast(x, c, ignore=1), dim=-1)
torch.AcceleratorError: CUDA error: no kernel image is available for execution on the device
Search for `cudaErrorNoKernelImageForDevice' in https://docs.nvidia.com/cuda/cuda-runtime-api/group__CUDART__TYPES.html for more information.
CUDA kernel errors might be asynchronously reported at some other API call, so the stacktrace below might be incorrect.
For debugging consider passing CUDA_LAUNCH_BLOCKING=1
Compile with `TORCH_USE_CUDA_DSA` to enable device-side assertions.

